#
# There is insufficient memory for the Java Runtime Environment to continue.
# Native memory allocation (malloc) failed to allocate 574128 bytes for Chunk::new
# Possible reasons:
#   The system is out of physical RAM or swap space
#   The process is running with CompressedOops enabled, and the Java Heap may be blocking the growth of the native heap
# Possible solutions:
#   Reduce memory load on the system
#   Increase physical memory or swap space
#   Check if swap backing store is full
#   Decrease Java heap size (-Xmx/-Xms)
#   Decrease number of Java threads
#   Decrease Java thread stack sizes (-Xss)
#   Set larger code cache with -XX:ReservedCodeCacheSize=
#   JVM is running with Unscaled Compressed Oops mode in which the Java heap is
#     placed in the first 4GB address space. The Java Heap base address is the
#     maximum limit for the native heap growth. Please use -XX:HeapBaseMinAddress
#     to set the Java Heap base and to place the Java Heap above 4GB virtual address.
# This output file may be truncated or incomplete.
#
#  Out of Memory Error (arena.cpp:168), pid=13896, tid=1880
#
# JRE version: Java(TM) SE Runtime Environment (21.0.5+9) (build 21.0.5+9-LTS-239)
# Java VM: Java HotSpot(TM) 64-Bit Server VM (21.0.5+9-LTS-239, mixed mode, sharing, tiered, compressed oops, compressed class ptrs, g1 gc, windows-amd64)
# No core dump will be written. Minidumps are not enabled by default on client versions of Windows
#

---------------  S U M M A R Y ------------

Command Line: -Dorg.gradle.internal.worker.tmpdir=D:\tugas kuliah\Manpro\APU\build\tmp\test\work -Xmx512m -Dfile.encoding=UTF-8 -Duser.country=ID -Duser.language=en -Duser.variant -ea worker.org.gradle.process.internal.worker.GradleWorkerMain 'Gradle Test Executor 51'

Host: Intel(R) Core(TM) i7-8550U CPU @ 1.80GHz, 8 cores, 7G,  Windows 10 , 64 bit Build 19041 (10.0.19041.5072)
Time: Sat Nov 23 14:47:05 2024 SE Asia Standard Time elapsed time: 6.801763 seconds (0d 0h 0m 6s)

---------------  T H R E A D  ---------------

Current thread (0x000001da71fd37e0):  JavaThread "C2 CompilerThread1" daemon [_thread_in_native, id=1880, stack(0x000000845fa00000,0x000000845fb00000) (1024K)]


Current CompileTask:
C2:   6801 2464       4       jdk.internal.loader.URLClassPath::getResource (74 bytes)

Stack: [0x000000845fa00000,0x000000845fb00000]
Native frames: (J=compiled Java code, j=interpreted, Vv=VM code, C=native code)
V  [jvm.dll+0x6ca289]
V  [jvm.dll+0x854a51]
V  [jvm.dll+0x856f7e]
V  [jvm.dll+0x857653]
V  [jvm.dll+0x27dd26]
V  [jvm.dll+0xc4c2d]
V  [jvm.dll+0xc5163]
V  [jvm.dll+0x3b4d3c]
V  [jvm.dll+0x3814b5]
V  [jvm.dll+0x38092a]
V  [jvm.dll+0x246910]
V  [jvm.dll+0x245eef]
V  [jvm.dll+0x1c6d0e]
V  [jvm.dll+0x2554d9]
V  [jvm.dll+0x253a6a]
V  [jvm.dll+0x3ee136]
V  [jvm.dll+0x7fee9b]
V  [jvm.dll+0x6c896d]
C  [ucrtbase.dll+0x21bb2]
C  [KERNEL32.DLL+0x17374]
C  [ntdll.dll+0x4cc91]


---------------  P R O C E S S  ---------------

Threads class SMR info:
_java_thread_list=0x000001da6b1d53b0, length=16, elements={
0x000001da4e4d56e0, 0x000001da6afc1700, 0x000001da6afc3420, 0x000001da6afc4fe0,
0x000001da6afc5a30, 0x000001da6afc6480, 0x000001da6afc7670, 0x000001da6afc8b90,
0x000001da6afcbdd0, 0x000001da6b282690, 0x000001da6b28e8e0, 0x000001da6b9e7450,
0x000001da700877d0, 0x000001da6bba9580, 0x000001da71fd37e0, 0x000001da7074f520
}

Java Threads: ( => current thread )
  0x000001da4e4d56e0 JavaThread "Test worker"                       [_thread_in_vm, id=13516, stack(0x000000845dd00000,0x000000845de00000) (1024K)]
  0x000001da6afc1700 JavaThread "Reference Handler"          daemon [_thread_blocked, id=17696, stack(0x000000845e500000,0x000000845e600000) (1024K)]
  0x000001da6afc3420 JavaThread "Finalizer"                  daemon [_thread_blocked, id=15552, stack(0x000000845e600000,0x000000845e700000) (1024K)]
  0x000001da6afc4fe0 JavaThread "Signal Dispatcher"          daemon [_thread_blocked, id=8036, stack(0x000000845e700000,0x000000845e800000) (1024K)]
  0x000001da6afc5a30 JavaThread "Attach Listener"            daemon [_thread_blocked, id=13332, stack(0x000000845e800000,0x000000845e900000) (1024K)]
  0x000001da6afc6480 JavaThread "Service Thread"             daemon [_thread_blocked, id=17620, stack(0x000000845e900000,0x000000845ea00000) (1024K)]
  0x000001da6afc7670 JavaThread "Monitor Deflation Thread"   daemon [_thread_blocked, id=17324, stack(0x000000845ea00000,0x000000845eb00000) (1024K)]
  0x000001da6afc8b90 JavaThread "C2 CompilerThread0"         daemon [_thread_blocked, id=17740, stack(0x000000845eb00000,0x000000845ec00000) (1024K)]
  0x000001da6afcbdd0 JavaThread "C1 CompilerThread0"         daemon [_thread_in_native, id=9160, stack(0x000000845ec00000,0x000000845ed00000) (1024K)]
  0x000001da6b282690 JavaThread "Notification Thread"        daemon [_thread_blocked, id=16160, stack(0x000000845ed00000,0x000000845ee00000) (1024K)]
  0x000001da6b28e8e0 JavaThread "Common-Cleaner"             daemon [_thread_blocked, id=17956, stack(0x000000845ee00000,0x000000845ef00000) (1024K)]
  0x000001da6b9e7450 JavaThread "/127.0.0.1:60526 to /127.0.0.1:60522 workers"        [_thread_blocked, id=14672, stack(0x000000845ef00000,0x000000845f000000) (1024K)]
  0x000001da700877d0 JavaThread "/127.0.0.1:60526 to /127.0.0.1:60522 workers Thread 2"        [_thread_blocked, id=12840, stack(0x000000845f100000,0x000000845f200000) (1024K)]
  0x000001da6bba9580 JavaThread "/127.0.0.1:60526 to /127.0.0.1:60522 workers Thread 3"        [_thread_in_native, id=9840, stack(0x000000845f200000,0x000000845f300000) (1024K)]
=>0x000001da71fd37e0 JavaThread "C2 CompilerThread1"         daemon [_thread_in_native, id=1880, stack(0x000000845fa00000,0x000000845fb00000) (1024K)]
  0x000001da7074f520 JavaThread "background-preinit"                [_thread_in_vm, id=7720, stack(0x000000845fb00000,0x000000845fc00000) (1024K)]
Total: 16

Other Threads:
  0x000001da6afa32d0 VMThread "VM Thread"                           [id=16196, stack(0x000000845e400000,0x000000845e500000) (1024K)]
  0x000001da6af92760 WatcherThread "VM Periodic Task Thread"        [id=16164, stack(0x000000845e300000,0x000000845e400000) (1024K)]
  0x000001da4e503980 WorkerThread "GC Thread#0"                     [id=12348, stack(0x000000845de00000,0x000000845df00000) (1024K)]
  0x000001da70135dc0 WorkerThread "GC Thread#1"                     [id=11984, stack(0x000000845f300000,0x000000845f400000) (1024K)]
  0x000001da70136160 WorkerThread "GC Thread#2"                     [id=1932, stack(0x000000845f400000,0x000000845f500000) (1024K)]
  0x000001da702b6100 WorkerThread "GC Thread#3"                     [id=3008, stack(0x000000845f500000,0x000000845f600000) (1024K)]
  0x000001da70136500 WorkerThread "GC Thread#4"                     [id=8076, stack(0x000000845f600000,0x000000845f700000) (1024K)]
  0x000001da701368a0 WorkerThread "GC Thread#5"                     [id=2452, stack(0x000000845f700000,0x000000845f800000) (1024K)]
  0x000001da6bc43160 WorkerThread "GC Thread#6"                     [id=15944, stack(0x000000845f800000,0x000000845f900000) (1024K)]
  0x000001da6bc19340 WorkerThread "GC Thread#7"                     [id=16328, stack(0x000000845f900000,0x000000845fa00000) (1024K)]
  0x000001da4e506840 ConcurrentGCThread "G1 Main Marker"            [id=16832, stack(0x000000845df00000,0x000000845e000000) (1024K)]
  0x000001da4e507240 WorkerThread "G1 Conc#0"                       [id=15012, stack(0x000000845e000000,0x000000845e100000) (1024K)]
  0x000001da4e58eb10 ConcurrentGCThread "G1 Refine#0"               [id=11148, stack(0x000000845e100000,0x000000845e200000) (1024K)]
  0x000001da6ae65780 ConcurrentGCThread "G1 Service"                [id=11892, stack(0x000000845e200000,0x000000845e300000) (1024K)]
Total: 14

Threads with active compile tasks:
C2 CompilerThread1     6917 2464       4       jdk.internal.loader.URLClassPath::getResource (74 bytes)
Total: 1

VM state: not at safepoint (normal execution)

VM Mutex/Monitor currently owned by a thread: None

Heap address: 0x00000000e0000000, size: 512 MB, Compressed Oops mode: 32-bit

CDS archive(s) mapped at: [0x000001da00000000-0x000001da00c90000-0x000001da00c90000), size 13172736, SharedBaseAddress: 0x000001da00000000, ArchiveRelocationMode: 1.
Compressed class space mapped at: 0x000001da01000000-0x000001da41000000, reserved size: 1073741824
Narrow klass base: 0x000001da00000000, Narrow klass shift: 0, Narrow klass range: 0x100000000

GC Precious Log:
 CardTable entry size: 512
 Card Set container configuration: InlinePtr #cards 5 size 8 Array Of Cards #cards 12 size 40 Howl #buckets 4 coarsen threshold 1843 Howl Bitmap #cards 512 size 80 coarsen threshold 460 Card regions per heap region 1 cards per card region 2048
 CPUs: 8 total, 8 available
 Memory: 8026M
 Large Page Support: Disabled
 NUMA Support: Disabled
 Compressed Oops: Enabled (32-bit)
 Heap Region Size: 1M
 Heap Min Capacity: 8M
 Heap Initial Capacity: 126M
 Heap Max Capacity: 512M
 Pre-touch: Disabled
 Parallel Workers: 8
 Concurrent Workers: 2
 Concurrent Refinement Workers: 8
 Periodic GC: Disabled

Heap:
 garbage-first heap   total 129024K, used 31949K [0x00000000e0000000, 0x0000000100000000)
  region size 1024K, 27 young (27648K), 3 survivors (3072K)
 Metaspace       used 18992K, committed 19328K, reserved 1114112K
  class space    used 2487K, committed 2688K, reserved 1048576K

Heap Regions: E=young(eden), S=young(survivor), O=old, HS=humongous(starts), HC=humongous(continues), CS=collection set, F=free, TAMS=top-at-mark-start, PB=parsable bottom
|   0|0x00000000e0000000, 0x00000000e0100000, 0x00000000e0100000|100%| O|  |TAMS 0x00000000e0000000| PB 0x00000000e0000000| Untracked 
|   1|0x00000000e0100000, 0x00000000e0200000, 0x00000000e0200000|100%| O|  |TAMS 0x00000000e0100000| PB 0x00000000e0100000| Untracked 
|   2|0x00000000e0200000, 0x00000000e0300000, 0x00000000e0300000|100%| O|  |TAMS 0x00000000e0200000| PB 0x00000000e0200000| Untracked 
|   3|0x00000000e0300000, 0x00000000e0400000, 0x00000000e0400000|100%| O|  |TAMS 0x00000000e0300000| PB 0x00000000e0300000| Untracked 
|   4|0x00000000e0400000, 0x00000000e0500000, 0x00000000e0500000|100%| O|  |TAMS 0x00000000e0400000| PB 0x00000000e0400000| Untracked 
|   5|0x00000000e0500000, 0x00000000e0600000, 0x00000000e0600000|100%| O|  |TAMS 0x00000000e0500000| PB 0x00000000e0500000| Untracked 
|   6|0x00000000e0600000, 0x00000000e06e11e0, 0x00000000e0700000| 87%| O|  |TAMS 0x00000000e0600000| PB 0x00000000e0600000| Untracked 
|   7|0x00000000e0700000, 0x00000000e0700000, 0x00000000e0800000|  0%| F|  |TAMS 0x00000000e0700000| PB 0x00000000e0700000| Untracked 
|   8|0x00000000e0800000, 0x00000000e0800000, 0x00000000e0900000|  0%| F|  |TAMS 0x00000000e0800000| PB 0x00000000e0800000| Untracked 
|   9|0x00000000e0900000, 0x00000000e0900000, 0x00000000e0a00000|  0%| F|  |TAMS 0x00000000e0900000| PB 0x00000000e0900000| Untracked 
|  10|0x00000000e0a00000, 0x00000000e0a00000, 0x00000000e0b00000|  0%| F|  |TAMS 0x00000000e0a00000| PB 0x00000000e0a00000| Untracked 
|  11|0x00000000e0b00000, 0x00000000e0b00000, 0x00000000e0c00000|  0%| F|  |TAMS 0x00000000e0b00000| PB 0x00000000e0b00000| Untracked 
|  12|0x00000000e0c00000, 0x00000000e0c00000, 0x00000000e0d00000|  0%| F|  |TAMS 0x00000000e0c00000| PB 0x00000000e0c00000| Untracked 
|  13|0x00000000e0d00000, 0x00000000e0d00000, 0x00000000e0e00000|  0%| F|  |TAMS 0x00000000e0d00000| PB 0x00000000e0d00000| Untracked 
|  14|0x00000000e0e00000, 0x00000000e0e00000, 0x00000000e0f00000|  0%| F|  |TAMS 0x00000000e0e00000| PB 0x00000000e0e00000| Untracked 
|  15|0x00000000e0f00000, 0x00000000e0f00000, 0x00000000e1000000|  0%| F|  |TAMS 0x00000000e0f00000| PB 0x00000000e0f00000| Untracked 
|  16|0x00000000e1000000, 0x00000000e1000000, 0x00000000e1100000|  0%| F|  |TAMS 0x00000000e1000000| PB 0x00000000e1000000| Untracked 
|  17|0x00000000e1100000, 0x00000000e1100000, 0x00000000e1200000|  0%| F|  |TAMS 0x00000000e1100000| PB 0x00000000e1100000| Untracked 
|  18|0x00000000e1200000, 0x00000000e1200000, 0x00000000e1300000|  0%| F|  |TAMS 0x00000000e1200000| PB 0x00000000e1200000| Untracked 
|  19|0x00000000e1300000, 0x00000000e1300000, 0x00000000e1400000|  0%| F|  |TAMS 0x00000000e1300000| PB 0x00000000e1300000| Untracked 
|  20|0x00000000e1400000, 0x00000000e1400000, 0x00000000e1500000|  0%| F|  |TAMS 0x00000000e1400000| PB 0x00000000e1400000| Untracked 
|  21|0x00000000e1500000, 0x00000000e1500000, 0x00000000e1600000|  0%| F|  |TAMS 0x00000000e1500000| PB 0x00000000e1500000| Untracked 
|  22|0x00000000e1600000, 0x00000000e1600000, 0x00000000e1700000|  0%| F|  |TAMS 0x00000000e1600000| PB 0x00000000e1600000| Untracked 
|  23|0x00000000e1700000, 0x00000000e1700000, 0x00000000e1800000|  0%| F|  |TAMS 0x00000000e1700000| PB 0x00000000e1700000| Untracked 
|  24|0x00000000e1800000, 0x00000000e1800000, 0x00000000e1900000|  0%| F|  |TAMS 0x00000000e1800000| PB 0x00000000e1800000| Untracked 
|  25|0x00000000e1900000, 0x00000000e1900000, 0x00000000e1a00000|  0%| F|  |TAMS 0x00000000e1900000| PB 0x00000000e1900000| Untracked 
|  26|0x00000000e1a00000, 0x00000000e1a00000, 0x00000000e1b00000|  0%| F|  |TAMS 0x00000000e1a00000| PB 0x00000000e1a00000| Untracked 
|  27|0x00000000e1b00000, 0x00000000e1b00000, 0x00000000e1c00000|  0%| F|  |TAMS 0x00000000e1b00000| PB 0x00000000e1b00000| Untracked 
|  28|0x00000000e1c00000, 0x00000000e1c00000, 0x00000000e1d00000|  0%| F|  |TAMS 0x00000000e1c00000| PB 0x00000000e1c00000| Untracked 
|  29|0x00000000e1d00000, 0x00000000e1d00000, 0x00000000e1e00000|  0%| F|  |TAMS 0x00000000e1d00000| PB 0x00000000e1d00000| Untracked 
|  30|0x00000000e1e00000, 0x00000000e1e00000, 0x00000000e1f00000|  0%| F|  |TAMS 0x00000000e1e00000| PB 0x00000000e1e00000| Untracked 
|  31|0x00000000e1f00000, 0x00000000e1f00000, 0x00000000e2000000|  0%| F|  |TAMS 0x00000000e1f00000| PB 0x00000000e1f00000| Untracked 
|  32|0x00000000e2000000, 0x00000000e2000000, 0x00000000e2100000|  0%| F|  |TAMS 0x00000000e2000000| PB 0x00000000e2000000| Untracked 
|  33|0x00000000e2100000, 0x00000000e2100000, 0x00000000e2200000|  0%| F|  |TAMS 0x00000000e2100000| PB 0x00000000e2100000| Untracked 
|  34|0x00000000e2200000, 0x00000000e2200000, 0x00000000e2300000|  0%| F|  |TAMS 0x00000000e2200000| PB 0x00000000e2200000| Untracked 
|  35|0x00000000e2300000, 0x00000000e2300000, 0x00000000e2400000|  0%| F|  |TAMS 0x00000000e2300000| PB 0x00000000e2300000| Untracked 
|  36|0x00000000e2400000, 0x00000000e2400000, 0x00000000e2500000|  0%| F|  |TAMS 0x00000000e2400000| PB 0x00000000e2400000| Untracked 
|  37|0x00000000e2500000, 0x00000000e2500000, 0x00000000e2600000|  0%| F|  |TAMS 0x00000000e2500000| PB 0x00000000e2500000| Untracked 
|  38|0x00000000e2600000, 0x00000000e2600000, 0x00000000e2700000|  0%| F|  |TAMS 0x00000000e2600000| PB 0x00000000e2600000| Untracked 
|  39|0x00000000e2700000, 0x00000000e2700000, 0x00000000e2800000|  0%| F|  |TAMS 0x00000000e2700000| PB 0x00000000e2700000| Untracked 
|  40|0x00000000e2800000, 0x00000000e2800000, 0x00000000e2900000|  0%| F|  |TAMS 0x00000000e2800000| PB 0x00000000e2800000| Untracked 
|  41|0x00000000e2900000, 0x00000000e2900000, 0x00000000e2a00000|  0%| F|  |TAMS 0x00000000e2900000| PB 0x00000000e2900000| Untracked 
|  42|0x00000000e2a00000, 0x00000000e2a00000, 0x00000000e2b00000|  0%| F|  |TAMS 0x00000000e2a00000| PB 0x00000000e2a00000| Untracked 
|  43|0x00000000e2b00000, 0x00000000e2b00000, 0x00000000e2c00000|  0%| F|  |TAMS 0x00000000e2b00000| PB 0x00000000e2b00000| Untracked 
|  44|0x00000000e2c00000, 0x00000000e2c00000, 0x00000000e2d00000|  0%| F|  |TAMS 0x00000000e2c00000| PB 0x00000000e2c00000| Untracked 
|  45|0x00000000e2d00000, 0x00000000e2d00000, 0x00000000e2e00000|  0%| F|  |TAMS 0x00000000e2d00000| PB 0x00000000e2d00000| Untracked 
|  46|0x00000000e2e00000, 0x00000000e2e00000, 0x00000000e2f00000|  0%| F|  |TAMS 0x00000000e2e00000| PB 0x00000000e2e00000| Untracked 
|  47|0x00000000e2f00000, 0x00000000e2f00000, 0x00000000e3000000|  0%| F|  |TAMS 0x00000000e2f00000| PB 0x00000000e2f00000| Untracked 
|  48|0x00000000e3000000, 0x00000000e3000000, 0x00000000e3100000|  0%| F|  |TAMS 0x00000000e3000000| PB 0x00000000e3000000| Untracked 
|  49|0x00000000e3100000, 0x00000000e3100000, 0x00000000e3200000|  0%| F|  |TAMS 0x00000000e3100000| PB 0x00000000e3100000| Untracked 
|  50|0x00000000e3200000, 0x00000000e3200000, 0x00000000e3300000|  0%| F|  |TAMS 0x00000000e3200000| PB 0x00000000e3200000| Untracked 
|  51|0x00000000e3300000, 0x00000000e3300000, 0x00000000e3400000|  0%| F|  |TAMS 0x00000000e3300000| PB 0x00000000e3300000| Untracked 
|  52|0x00000000e3400000, 0x00000000e3400000, 0x00000000e3500000|  0%| F|  |TAMS 0x00000000e3400000| PB 0x00000000e3400000| Untracked 
|  53|0x00000000e3500000, 0x00000000e3500000, 0x00000000e3600000|  0%| F|  |TAMS 0x00000000e3500000| PB 0x00000000e3500000| Untracked 
|  54|0x00000000e3600000, 0x00000000e3600000, 0x00000000e3700000|  0%| F|  |TAMS 0x00000000e3600000| PB 0x00000000e3600000| Untracked 
|  55|0x00000000e3700000, 0x00000000e3700000, 0x00000000e3800000|  0%| F|  |TAMS 0x00000000e3700000| PB 0x00000000e3700000| Untracked 
|  56|0x00000000e3800000, 0x00000000e3800000, 0x00000000e3900000|  0%| F|  |TAMS 0x00000000e3800000| PB 0x00000000e3800000| Untracked 
|  57|0x00000000e3900000, 0x00000000e3900000, 0x00000000e3a00000|  0%| F|  |TAMS 0x00000000e3900000| PB 0x00000000e3900000| Untracked 
|  58|0x00000000e3a00000, 0x00000000e3a00000, 0x00000000e3b00000|  0%| F|  |TAMS 0x00000000e3a00000| PB 0x00000000e3a00000| Untracked 
|  59|0x00000000e3b00000, 0x00000000e3b00000, 0x00000000e3c00000|  0%| F|  |TAMS 0x00000000e3b00000| PB 0x00000000e3b00000| Untracked 
|  60|0x00000000e3c00000, 0x00000000e3c00000, 0x00000000e3d00000|  0%| F|  |TAMS 0x00000000e3c00000| PB 0x00000000e3c00000| Untracked 
|  61|0x00000000e3d00000, 0x00000000e3d00000, 0x00000000e3e00000|  0%| F|  |TAMS 0x00000000e3d00000| PB 0x00000000e3d00000| Untracked 
|  62|0x00000000e3e00000, 0x00000000e3e00000, 0x00000000e3f00000|  0%| F|  |TAMS 0x00000000e3e00000| PB 0x00000000e3e00000| Untracked 
|  63|0x00000000e3f00000, 0x00000000e3f00000, 0x00000000e4000000|  0%| F|  |TAMS 0x00000000e3f00000| PB 0x00000000e3f00000| Untracked 
|  64|0x00000000e4000000, 0x00000000e4000000, 0x00000000e4100000|  0%| F|  |TAMS 0x00000000e4000000| PB 0x00000000e4000000| Untracked 
|  65|0x00000000e4100000, 0x00000000e4100000, 0x00000000e4200000|  0%| F|  |TAMS 0x00000000e4100000| PB 0x00000000e4100000| Untracked 
|  66|0x00000000e4200000, 0x00000000e4200000, 0x00000000e4300000|  0%| F|  |TAMS 0x00000000e4200000| PB 0x00000000e4200000| Untracked 
|  67|0x00000000e4300000, 0x00000000e4300000, 0x00000000e4400000|  0%| F|  |TAMS 0x00000000e4300000| PB 0x00000000e4300000| Untracked 
|  68|0x00000000e4400000, 0x00000000e4400000, 0x00000000e4500000|  0%| F|  |TAMS 0x00000000e4400000| PB 0x00000000e4400000| Untracked 
|  69|0x00000000e4500000, 0x00000000e4500000, 0x00000000e4600000|  0%| F|  |TAMS 0x00000000e4500000| PB 0x00000000e4500000| Untracked 
|  70|0x00000000e4600000, 0x00000000e4600000, 0x00000000e4700000|  0%| F|  |TAMS 0x00000000e4600000| PB 0x00000000e4600000| Untracked 
|  71|0x00000000e4700000, 0x00000000e4700000, 0x00000000e4800000|  0%| F|  |TAMS 0x00000000e4700000| PB 0x00000000e4700000| Untracked 
|  72|0x00000000e4800000, 0x00000000e4800000, 0x00000000e4900000|  0%| F|  |TAMS 0x00000000e4800000| PB 0x00000000e4800000| Untracked 
|  73|0x00000000e4900000, 0x00000000e4900000, 0x00000000e4a00000|  0%| F|  |TAMS 0x00000000e4900000| PB 0x00000000e4900000| Untracked 
|  74|0x00000000e4a00000, 0x00000000e4a00000, 0x00000000e4b00000|  0%| F|  |TAMS 0x00000000e4a00000| PB 0x00000000e4a00000| Untracked 
|  75|0x00000000e4b00000, 0x00000000e4b00000, 0x00000000e4c00000|  0%| F|  |TAMS 0x00000000e4b00000| PB 0x00000000e4b00000| Untracked 
|  76|0x00000000e4c00000, 0x00000000e4c00000, 0x00000000e4d00000|  0%| F|  |TAMS 0x00000000e4c00000| PB 0x00000000e4c00000| Untracked 
|  77|0x00000000e4d00000, 0x00000000e4d00000, 0x00000000e4e00000|  0%| F|  |TAMS 0x00000000e4d00000| PB 0x00000000e4d00000| Untracked 
|  78|0x00000000e4e00000, 0x00000000e4e00000, 0x00000000e4f00000|  0%| F|  |TAMS 0x00000000e4e00000| PB 0x00000000e4e00000| Untracked 
|  79|0x00000000e4f00000, 0x00000000e4f00000, 0x00000000e5000000|  0%| F|  |TAMS 0x00000000e4f00000| PB 0x00000000e4f00000| Untracked 
|  80|0x00000000e5000000, 0x00000000e5000000, 0x00000000e5100000|  0%| F|  |TAMS 0x00000000e5000000| PB 0x00000000e5000000| Untracked 
|  81|0x00000000e5100000, 0x00000000e5100000, 0x00000000e5200000|  0%| F|  |TAMS 0x00000000e5100000| PB 0x00000000e5100000| Untracked 
|  82|0x00000000e5200000, 0x00000000e5200000, 0x00000000e5300000|  0%| F|  |TAMS 0x00000000e5200000| PB 0x00000000e5200000| Untracked 
|  83|0x00000000e5300000, 0x00000000e5300000, 0x00000000e5400000|  0%| F|  |TAMS 0x00000000e5300000| PB 0x00000000e5300000| Untracked 
|  84|0x00000000e5400000, 0x00000000e5400000, 0x00000000e5500000|  0%| F|  |TAMS 0x00000000e5400000| PB 0x00000000e5400000| Untracked 
|  85|0x00000000e5500000, 0x00000000e5500000, 0x00000000e5600000|  0%| F|  |TAMS 0x00000000e5500000| PB 0x00000000e5500000| Untracked 
|  86|0x00000000e5600000, 0x00000000e5600000, 0x00000000e5700000|  0%| F|  |TAMS 0x00000000e5600000| PB 0x00000000e5600000| Untracked 
|  87|0x00000000e5700000, 0x00000000e5700000, 0x00000000e5800000|  0%| F|  |TAMS 0x00000000e5700000| PB 0x00000000e5700000| Untracked 
|  88|0x00000000e5800000, 0x00000000e5800000, 0x00000000e5900000|  0%| F|  |TAMS 0x00000000e5800000| PB 0x00000000e5800000| Untracked 
|  89|0x00000000e5900000, 0x00000000e5900000, 0x00000000e5a00000|  0%| F|  |TAMS 0x00000000e5900000| PB 0x00000000e5900000| Untracked 
|  90|0x00000000e5a00000, 0x00000000e5a00000, 0x00000000e5b00000|  0%| F|  |TAMS 0x00000000e5a00000| PB 0x00000000e5a00000| Untracked 
|  91|0x00000000e5b00000, 0x00000000e5b00000, 0x00000000e5c00000|  0%| F|  |TAMS 0x00000000e5b00000| PB 0x00000000e5b00000| Untracked 
|  92|0x00000000e5c00000, 0x00000000e5c00000, 0x00000000e5d00000|  0%| F|  |TAMS 0x00000000e5c00000| PB 0x00000000e5c00000| Untracked 
|  93|0x00000000e5d00000, 0x00000000e5d00000, 0x00000000e5e00000|  0%| F|  |TAMS 0x00000000e5d00000| PB 0x00000000e5d00000| Untracked 
|  94|0x00000000e5e00000, 0x00000000e5e52560, 0x00000000e5f00000| 32%| S|CS|TAMS 0x00000000e5e00000| PB 0x00000000e5e00000| Complete 
|  95|0x00000000e5f00000, 0x00000000e6000000, 0x00000000e6000000|100%| S|CS|TAMS 0x00000000e5f00000| PB 0x00000000e5f00000| Complete 
|  96|0x00000000e6000000, 0x00000000e6100000, 0x00000000e6100000|100%| S|CS|TAMS 0x00000000e6000000| PB 0x00000000e6000000| Complete 
|  97|0x00000000e6100000, 0x00000000e6100000, 0x00000000e6200000|  0%| F|  |TAMS 0x00000000e6100000| PB 0x00000000e6100000| Untracked 
|  98|0x00000000e6200000, 0x00000000e6200000, 0x00000000e6300000|  0%| F|  |TAMS 0x00000000e6200000| PB 0x00000000e6200000| Untracked 
|  99|0x00000000e6300000, 0x00000000e6300000, 0x00000000e6400000|  0%| F|  |TAMS 0x00000000e6300000| PB 0x00000000e6300000| Untracked 
| 100|0x00000000e6400000, 0x00000000e6400000, 0x00000000e6500000|  0%| F|  |TAMS 0x00000000e6400000| PB 0x00000000e6400000| Untracked 
| 101|0x00000000e6500000, 0x00000000e6500000, 0x00000000e6600000|  0%| F|  |TAMS 0x00000000e6500000| PB 0x00000000e6500000| Untracked 
| 102|0x00000000e6600000, 0x00000000e6700000, 0x00000000e6700000|100%| E|  |TAMS 0x00000000e6600000| PB 0x00000000e6600000| Complete 
| 103|0x00000000e6700000, 0x00000000e6800000, 0x00000000e6800000|100%| E|CS|TAMS 0x00000000e6700000| PB 0x00000000e6700000| Complete 
| 104|0x00000000e6800000, 0x00000000e6900000, 0x00000000e6900000|100%| E|CS|TAMS 0x00000000e6800000| PB 0x00000000e6800000| Complete 
| 105|0x00000000e6900000, 0x00000000e6a00000, 0x00000000e6a00000|100%| E|CS|TAMS 0x00000000e6900000| PB 0x00000000e6900000| Complete 
| 106|0x00000000e6a00000, 0x00000000e6b00000, 0x00000000e6b00000|100%| E|CS|TAMS 0x00000000e6a00000| PB 0x00000000e6a00000| Complete 
| 107|0x00000000e6b00000, 0x00000000e6c00000, 0x00000000e6c00000|100%| E|CS|TAMS 0x00000000e6b00000| PB 0x00000000e6b00000| Complete 
| 108|0x00000000e6c00000, 0x00000000e6d00000, 0x00000000e6d00000|100%| E|CS|TAMS 0x00000000e6c00000| PB 0x00000000e6c00000| Complete 
| 109|0x00000000e6d00000, 0x00000000e6e00000, 0x00000000e6e00000|100%| E|CS|TAMS 0x00000000e6d00000| PB 0x00000000e6d00000| Complete 
| 110|0x00000000e6e00000, 0x00000000e6f00000, 0x00000000e6f00000|100%| E|CS|TAMS 0x00000000e6e00000| PB 0x00000000e6e00000| Complete 
| 111|0x00000000e6f00000, 0x00000000e7000000, 0x00000000e7000000|100%| E|CS|TAMS 0x00000000e6f00000| PB 0x00000000e6f00000| Complete 
| 112|0x00000000e7000000, 0x00000000e7100000, 0x00000000e7100000|100%| E|CS|TAMS 0x00000000e7000000| PB 0x00000000e7000000| Complete 
| 113|0x00000000e7100000, 0x00000000e7200000, 0x00000000e7200000|100%| E|CS|TAMS 0x00000000e7100000| PB 0x00000000e7100000| Complete 
| 114|0x00000000e7200000, 0x00000000e7300000, 0x00000000e7300000|100%| E|CS|TAMS 0x00000000e7200000| PB 0x00000000e7200000| Complete 
| 115|0x00000000e7300000, 0x00000000e7400000, 0x00000000e7400000|100%| E|CS|TAMS 0x00000000e7300000| PB 0x00000000e7300000| Complete 
| 116|0x00000000e7400000, 0x00000000e7500000, 0x00000000e7500000|100%| E|CS|TAMS 0x00000000e7400000| PB 0x00000000e7400000| Complete 
| 117|0x00000000e7500000, 0x00000000e7600000, 0x00000000e7600000|100%| E|CS|TAMS 0x00000000e7500000| PB 0x00000000e7500000| Complete 
| 118|0x00000000e7600000, 0x00000000e7700000, 0x00000000e7700000|100%| E|CS|TAMS 0x00000000e7600000| PB 0x00000000e7600000| Complete 
| 119|0x00000000e7700000, 0x00000000e7800000, 0x00000000e7800000|100%| E|CS|TAMS 0x00000000e7700000| PB 0x00000000e7700000| Complete 
| 120|0x00000000e7800000, 0x00000000e7900000, 0x00000000e7900000|100%| E|CS|TAMS 0x00000000e7800000| PB 0x00000000e7800000| Complete 
| 121|0x00000000e7900000, 0x00000000e7a00000, 0x00000000e7a00000|100%| E|CS|TAMS 0x00000000e7900000| PB 0x00000000e7900000| Complete 
| 122|0x00000000e7a00000, 0x00000000e7b00000, 0x00000000e7b00000|100%| E|  |TAMS 0x00000000e7a00000| PB 0x00000000e7a00000| Complete 
| 123|0x00000000e7b00000, 0x00000000e7c00000, 0x00000000e7c00000|100%| E|CS|TAMS 0x00000000e7b00000| PB 0x00000000e7b00000| Complete 
| 124|0x00000000e7c00000, 0x00000000e7d00000, 0x00000000e7d00000|100%| E|CS|TAMS 0x00000000e7c00000| PB 0x00000000e7c00000| Complete 
| 125|0x00000000e7d00000, 0x00000000e7e00000, 0x00000000e7e00000|100%| E|CS|TAMS 0x00000000e7d00000| PB 0x00000000e7d00000| Complete 

Card table byte_map: [0x000001da67ca0000,0x000001da67da0000] _byte_map_base: 0x000001da675a0000

Marking Bits: (CMBitMap*) 0x000001da4e503f80
 Bits: [0x000001da67da0000, 0x000001da685a0000)

Polling page: 0x000001da4e590000

Metaspace:

Usage:
  Non-class:     16.17 MB used.
      Class:      2.44 MB used.
       Both:     18.61 MB used.

Virtual space:
  Non-class space:       64.00 MB reserved,      16.31 MB ( 25%) committed,  1 nodes.
      Class space:        1.00 GB reserved,       2.62 MB ( <1%) committed,  1 nodes.
             Both:        1.06 GB reserved,      18.94 MB (  2%) committed. 

Chunk freelists:
   Non-Class:  15.69 MB
       Class:  13.23 MB
        Both:  28.92 MB

MaxMetaspaceSize: unlimited
CompressedClassSpaceSize: 1.00 GB
Initial GC threshold: 21.00 MB
Current GC threshold: 21.00 MB
CDS: on
 - commit_granule_bytes: 65536.
 - commit_granule_words: 8192.
 - virtual_space_node_default_size: 8388608.
 - enlarge_chunks_in_place: 1.
 - use_allocation_guard: 0.


Internal statistics:

num_allocs_failed_limit: 0.
num_arena_births: 360.
num_arena_deaths: 0.
num_vsnodes_births: 2.
num_vsnodes_deaths: 0.
num_space_committed: 303.
num_space_uncommitted: 0.
num_chunks_returned_to_freelist: 0.
num_chunks_taken_from_freelist: 1044.
num_chunk_merges: 0.
num_chunk_splits: 650.
num_chunks_enlarged: 433.
num_inconsistent_stats: 0.

CodeHeap 'non-profiled nmethods': size=120000Kb used=1096Kb max_used=1096Kb free=118903Kb
 bounds [0x000001da5fc10000, 0x000001da5fe80000, 0x000001da67140000]
CodeHeap 'profiled nmethods': size=120000Kb used=4832Kb max_used=4832Kb free=115167Kb
 bounds [0x000001da58140000, 0x000001da58600000, 0x000001da5f670000]
CodeHeap 'non-nmethods': size=5760Kb used=1428Kb max_used=1535Kb free=4331Kb
 bounds [0x000001da5f670000, 0x000001da5f8e0000, 0x000001da5fc10000]
 total_blobs=3036 nmethods=2515 adapters=425
 compilation: enabled
              stopped_count=0, restarted_count=0
 full_count=0

Compilation events (20 events):
Event: 6.720 Thread 0x000001da6afcbdd0 nmethod 2468 0x000001da585e3210 code [0x000001da585e33c0, 0x000001da585e36a0]
Event: 6.751 Thread 0x000001da6afcbdd0 2470       3       org.springframework.core.ResolvableType::<init> (47 bytes)
Event: 6.751 Thread 0x000001da6afcbdd0 nmethod 2470 0x000001da585e3790 code [0x000001da585e3940, 0x000001da585e3c70]
Event: 6.757 Thread 0x000001da6afcbdd0 2472       3       java.nio.file.attribute.FileTime::from (18 bytes)
Event: 6.758 Thread 0x000001da6afcbdd0 nmethod 2472 0x000001da585e3d10 code [0x000001da585e3ee0, 0x000001da585e42b8]
Event: 6.758 Thread 0x000001da6afcbdd0 2473       3       java.nio.file.attribute.FileTime::<init> (21 bytes)
Event: 6.758 Thread 0x000001da6afcbdd0 nmethod 2473 0x000001da585e4490 code [0x000001da585e4640, 0x000001da585e4868]
Event: 6.773 Thread 0x000001da6afc8b90 nmethod 2463 0x000001da5fd19a90 code [0x000001da5fd19d60, 0x000001da5fd1b7d0]
Event: 6.774 Thread 0x000001da6afc8b90 2471       4       jdk.internal.jimage.ImageLocation::readValue (61 bytes)
Event: 6.775 Thread 0x000001da6afcbdd0 2474       3       java.util.LinkedHashMap::<init> (17 bytes)
Event: 6.776 Thread 0x000001da6afcbdd0 nmethod 2474 0x000001da585e4910 code [0x000001da585e4ac0, 0x000001da585e4c18]
Event: 6.777 Thread 0x000001da6afcbdd0 2475       3       java.lang.reflect.Proxy$ProxyBuilder::isProxyClass (21 bytes)
Event: 6.779 Thread 0x000001da6afcbdd0 nmethod 2475 0x000001da585e4d10 code [0x000001da585e4fa0, 0x000001da585e5d98]
Event: 6.780 Thread 0x000001da6afcbdd0 2476       1       sun.reflect.generics.repository.AbstractRepository::getFactory (5 bytes)
Event: 6.780 Thread 0x000001da6afcbdd0 nmethod 2476 0x000001da5fd1c690 code [0x000001da5fd1c820, 0x000001da5fd1c8e8]
Event: 6.791 Thread 0x000001da6afc8b90 nmethod 2471 0x000001da5fd1c990 code [0x000001da5fd1cb20, 0x000001da5fd1cd50]
Event: 6.792 Thread 0x000001da6afc8b90 2469       4       java.util.jar.JarFile::maybeInstantiateVerifier (42 bytes)
Event: 6.795 Thread 0x000001da6afc8b90 nmethod 2469 0x000001da5fd1ce90 code [0x000001da5fd1d020, 0x000001da5fd1d130]
Event: 6.795 Thread 0x000001da6afc8b90 2465       4       java.util.Arrays::copyOf (33 bytes)
Event: 6.795 Thread 0x000001da6afcbdd0 2477       3       java.lang.Class::getGenericInfo (52 bytes)

GC Heap History (4 events):
Event: 3.091 GC heap before
{Heap before GC invocations=0 (full 0):
 garbage-first heap   total 129024K, used 22528K [0x00000000e0000000, 0x0000000100000000)
  region size 1024K, 23 young (23552K), 0 survivors (0K)
 Metaspace       used 6651K, committed 6912K, reserved 1114112K
  class space    used 830K, committed 960K, reserved 1048576K
}
Event: 3.105 GC heap after
{Heap after GC invocations=1 (full 0):
 garbage-first heap   total 129024K, used 6836K [0x00000000e0000000, 0x0000000100000000)
  region size 1024K, 3 young (3072K), 3 survivors (3072K)
 Metaspace       used 6651K, committed 6912K, reserved 1114112K
  class space    used 830K, committed 960K, reserved 1048576K
}
Event: 5.312 GC heap before
{Heap before GC invocations=1 (full 0):
 garbage-first heap   total 129024K, used 33460K [0x00000000e0000000, 0x0000000100000000)
  region size 1024K, 29 young (29696K), 3 survivors (3072K)
 Metaspace       used 13530K, committed 13888K, reserved 1114112K
  class space    used 1753K, committed 1920K, reserved 1048576K
}
Event: 5.329 GC heap after
{Heap after GC invocations=2 (full 0):
 garbage-first heap   total 129024K, used 9421K [0x00000000e0000000, 0x0000000100000000)
  region size 1024K, 3 young (3072K), 3 survivors (3072K)
 Metaspace       used 13530K, committed 13888K, reserved 1114112K
  class space    used 1753K, committed 1920K, reserved 1048576K
}

Dll operation events (9 events):
Event: 0.028 Loaded shared library C:\Program Files\Java\jdk-21\bin\java.dll
Event: 0.153 Loaded shared library C:\Program Files\Java\jdk-21\bin\jsvml.dll
Event: 0.511 Loaded shared library C:\Program Files\Java\jdk-21\bin\net.dll
Event: 0.519 Loaded shared library C:\Program Files\Java\jdk-21\bin\nio.dll
Event: 0.531 Loaded shared library C:\Program Files\Java\jdk-21\bin\zip.dll
Event: 1.030 Loaded shared library C:\Program Files\Java\jdk-21\bin\verify.dll
Event: 1.047 Loaded shared library C:\Program Files\Java\jdk-21\bin\jimage.dll
Event: 2.128 Loaded shared library C:\Program Files\Java\jdk-21\bin\extnet.dll
Event: 2.421 Loaded shared library C:\Program Files\Java\jdk-21\bin\sunmscapi.dll

Deoptimization events (20 events):
Event: 6.292 Thread 0x000001da4e4d56e0 Uncommon trap: trap_request=0xffffffd6 fr.pc=0x000001da5fd09b28 relative=0x0000000000000d88
Event: 6.292 Thread 0x000001da4e4d56e0 Uncommon trap: reason=array_check action=maybe_recompile pc=0x000001da5fd09b28 method=org.springframework.boot.context.properties.source.ConfigurationPropertyName.getElement(ILorg/springframework/boot/context/properties/source/ConfigurationPropertyName$Fo
Event: 6.292 Thread 0x000001da4e4d56e0 DEOPT PACKING pc=0x000001da5fd09b28 sp=0x000000845ddfadb0
Event: 6.292 Thread 0x000001da4e4d56e0 DEOPT UNPACKING pc=0x000001da5f6c46a2 sp=0x000000845ddfad88 mode 2
Event: 6.292 Thread 0x000001da4e4d56e0 Uncommon trap: trap_request=0xffffffd6 fr.pc=0x000001da5fd09b28 relative=0x0000000000000d88
Event: 6.292 Thread 0x000001da4e4d56e0 Uncommon trap: reason=array_check action=maybe_recompile pc=0x000001da5fd09b28 method=org.springframework.boot.context.properties.source.ConfigurationPropertyName.getElement(ILorg/springframework/boot/context/properties/source/ConfigurationPropertyName$Fo
Event: 6.292 Thread 0x000001da4e4d56e0 DEOPT PACKING pc=0x000001da5fd09b28 sp=0x000000845ddfadb0
Event: 6.292 Thread 0x000001da4e4d56e0 DEOPT UNPACKING pc=0x000001da5f6c46a2 sp=0x000000845ddfad88 mode 2
Event: 6.293 Thread 0x000001da4e4d56e0 Uncommon trap: trap_request=0xffffffd6 fr.pc=0x000001da5fd09b28 relative=0x0000000000000d88
Event: 6.293 Thread 0x000001da4e4d56e0 Uncommon trap: reason=array_check action=maybe_recompile pc=0x000001da5fd09b28 method=org.springframework.boot.context.properties.source.ConfigurationPropertyName.getElement(ILorg/springframework/boot/context/properties/source/ConfigurationPropertyName$Fo
Event: 6.293 Thread 0x000001da4e4d56e0 DEOPT PACKING pc=0x000001da5fd09b28 sp=0x000000845ddfad20
Event: 6.293 Thread 0x000001da4e4d56e0 DEOPT UNPACKING pc=0x000001da5f6c46a2 sp=0x000000845ddfacf8 mode 2
Event: 6.550 Thread 0x000001da4e4d56e0 Uncommon trap: trap_request=0xffffff45 fr.pc=0x000001da5fc6a0f4 relative=0x0000000000000394
Event: 6.550 Thread 0x000001da4e4d56e0 Uncommon trap: reason=unstable_if action=reinterpret pc=0x000001da5fc6a0f4 method=java.lang.Integer.parseInt(Ljava/lang/String;I)I @ 119 c2
Event: 6.550 Thread 0x000001da4e4d56e0 DEOPT PACKING pc=0x000001da5fc6a0f4 sp=0x000000845ddfa4f0
Event: 6.550 Thread 0x000001da4e4d56e0 DEOPT UNPACKING pc=0x000001da5f6c46a2 sp=0x000000845ddfa468 mode 2
Event: 6.605 Thread 0x000001da4e4d56e0 Uncommon trap: trap_request=0xffffff45 fr.pc=0x000001da5fcef308 relative=0x0000000000001228
Event: 6.605 Thread 0x000001da4e4d56e0 Uncommon trap: reason=unstable_if action=reinterpret pc=0x000001da5fcef308 method=java.net.URL.<init>(Ljava/net/URL;Ljava/lang/String;Ljava/net/URLStreamHandler;)V @ 347 c2
Event: 6.605 Thread 0x000001da4e4d56e0 DEOPT PACKING pc=0x000001da5fcef308 sp=0x000000845ddfbc50
Event: 6.605 Thread 0x000001da4e4d56e0 DEOPT UNPACKING pc=0x000001da5f6c46a2 sp=0x000000845ddfbbd0 mode 2

Classes loaded (20 events):
Event: 6.709 Loading class com/sun/org/apache/xalan/internal/utils/FeaturePropertyBase$State
Event: 6.710 Loading class com/sun/org/apache/xalan/internal/utils/FeaturePropertyBase$State done
Event: 6.710 Loading class com/sun/org/apache/xalan/internal/utils/XMLSecurityPropertyManager$Property
Event: 6.710 Loading class com/sun/org/apache/xalan/internal/utils/XMLSecurityPropertyManager$Property done
Event: 6.710 Loading class jdk/xml/internal/XMLSecurityManager
Event: 6.711 Loading class jdk/xml/internal/XMLSecurityManager done
Event: 6.711 Loading class jdk/xml/internal/XMLSecurityManager$Limit
Event: 6.711 Loading class jdk/xml/internal/XMLSecurityManager$Limit done
Event: 6.712 Loading class jdk/xml/internal/XMLSecurityManager$Processor
Event: 6.712 Loading class jdk/xml/internal/XMLSecurityManager$Processor done
Event: 6.712 Loading class jdk/xml/internal/XMLSecurityManager$NameMap
Event: 6.712 Loading class jdk/xml/internal/XMLSecurityManager$NameMap done
Event: 6.713 Loading class jdk/xml/internal/JdkProperty
Event: 6.713 Loading class jdk/xml/internal/JdkProperty done
Event: 6.741 Loading class java/util/Collections$UnmodifiableMap$UnmodifiableEntrySet
Event: 6.741 Loading class java/util/Collections$UnmodifiableMap$UnmodifiableEntrySet done
Event: 6.741 Loading class java/util/Collections$UnmodifiableMap$UnmodifiableEntrySet$1
Event: 6.741 Loading class java/util/Collections$UnmodifiableMap$UnmodifiableEntrySet$1 done
Event: 6.742 Loading class java/util/Collections$UnmodifiableMap$UnmodifiableEntrySet$UnmodifiableEntry
Event: 6.742 Loading class java/util/Collections$UnmodifiableMap$UnmodifiableEntrySet$UnmodifiableEntry done

Classes unloaded (0 events):
No events

Classes redefined (0 events):
No events

Internal exceptions (20 events):
Event: 5.393 Thread 0x000001da4e4d56e0 Exception <a 'java/lang/NoSuchMethodError'{0x00000000e7dea548}: 'java.lang.Object java.lang.invoke.DirectMethodHandle$Holder.invokeInterface(java.lang.Object, java.lang.Object, java.lang.Object, java.lang.Object, java.lang.Object)'> (0x00000000e7dea548) 
thrown [s\open\src\hotspot\share\interpreter\linkResolver.cpp, line 773]
Event: 5.394 Thread 0x000001da4e4d56e0 Exception <a 'java/lang/IncompatibleClassChangeError'{0x00000000e7dee080}: Found class java.lang.Object, but interface was expected> (0x00000000e7dee080) 
thrown [s\open\src\hotspot\share\interpreter\linkResolver.cpp, line 840]
Event: 5.606 Thread 0x000001da4e4d56e0 Exception <a 'java/lang/IncompatibleClassChangeError'{0x00000000e7943d68}: Found class java.lang.Object, but interface was expected> (0x00000000e7943d68) 
thrown [s\open\src\hotspot\share\interpreter\linkResolver.cpp, line 840]
Event: 5.622 Thread 0x000001da4e4d56e0 Exception <a 'sun/nio/fs/WindowsException'{0x00000000e7986f98}> (0x00000000e7986f98) 
thrown [s\open\src\hotspot\share\prims\jni.cpp, line 520]
Event: 5.719 Thread 0x000001da4e4d56e0 Implicit null exception at 0x000001da5fc695c0 to 0x000001da5fc69840
Event: 5.787 Thread 0x000001da4e4d56e0 Exception <a 'java/lang/NoSuchMethodError'{0x00000000e772e020}: 'java.lang.Object java.lang.invoke.DirectMethodHandle$Holder.invokeSpecial(java.lang.Object, java.lang.Object, java.lang.Object, java.lang.Object, java.lang.Object, java.lang.Object, int)'> (0x00000000e772e020) 
thrown [s\open\src\hotspot\share\interpreter\linkResolver.cpp, line 773]
Event: 5.789 Thread 0x000001da4e4d56e0 Exception <a 'java/lang/NoSuchMethodError'{0x00000000e7737aa8}: 'java.lang.Object java.lang.invoke.DirectMethodHandle$Holder.newInvokeSpecial(java.lang.Object, java.lang.Object, java.lang.Object, java.lang.Object, java.lang.Object, java.lang.Object, int)'> (0x00000000e7737aa8) 
thrown [s\open\src\hotspot\share\interpreter\linkResolver.cpp, line 773]
Event: 5.790 Thread 0x000001da4e4d56e0 Exception <a 'java/lang/NoSuchMethodError'{0x00000000e773c878}: 'java.lang.Object java.lang.invoke.DirectMethodHandle$Holder.invokeSpecial(java.lang.Object, java.lang.Object, java.lang.Object, java.lang.Object, java.lang.Object, java.lang.Object, java.lang.Object, int)'> (0x00000000e773c878) 
thrown [s\open\src\hotspot\share\interpreter\linkResolver.cpp, line 773]
Event: 5.981 Thread 0x000001da4e4d56e0 Exception <a 'java/lang/NoSuchMethodError'{0x00000000e7680af8}: 'void java.lang.invoke.DirectMethodHandle$Holder.invokeStatic(java.lang.Object, java.lang.Object, java.lang.Object, java.lang.Object, java.lang.Object, java.lang.Object)'> (0x00000000e7680af8) 
thrown [s\open\src\hotspot\share\interpreter\linkResolver.cpp, line 773]
Event: 6.070 Thread 0x000001da4e4d56e0 Exception <a 'java/lang/NoSuchMethodError'{0x00000000e7552d08}: 'java.lang.Object java.lang.invoke.DirectMethodHandle$Holder.invokeSpecial(java.lang.Object, java.lang.Object, java.lang.Object, int, java.lang.Object)'> (0x00000000e7552d08) 
thrown [s\open\src\hotspot\share\interpreter\linkResolver.cpp, line 773]
Event: 6.071 Thread 0x000001da4e4d56e0 Exception <a 'java/lang/NoSuchMethodError'{0x00000000e755ad30}: 'java.lang.Object java.lang.invoke.DirectMethodHandle$Holder.newInvokeSpecial(java.lang.Object, java.lang.Object, java.lang.Object, int, java.lang.Object)'> (0x00000000e755ad30) 
thrown [s\open\src\hotspot\share\interpreter\linkResolver.cpp, line 773]
Event: 6.072 Thread 0x000001da4e4d56e0 Exception <a 'java/lang/NoSuchMethodError'{0x00000000e7562a18}: 'java.lang.Object java.lang.invoke.Invokers$Holder.linkToTargetMethod(java.lang.Object, java.lang.Object, int, java.lang.Object, java.lang.Object)'> (0x00000000e7562a18) 
thrown [s\open\src\hotspot\share\interpreter\linkResolver.cpp, line 773]
Event: 6.075 Thread 0x000001da4e4d56e0 Exception <a 'java/lang/NoSuchMethodError'{0x00000000e7570f50}: 'java.lang.Object java.lang.invoke.DirectMethodHandle$Holder.newInvokeSpecial(java.lang.Object, int, java.lang.Object)'> (0x00000000e7570f50) 
thrown [s\open\src\hotspot\share\interpreter\linkResolver.cpp, line 773]
Event: 6.202 Thread 0x000001da4e4d56e0 Exception <a 'java/lang/NoSuchMethodError'{0x00000000e7333e20}: 'java.lang.Object java.lang.invoke.DirectMethodHandle$Holder.invokeStatic(java.lang.Object, long, java.lang.Object)'> (0x00000000e7333e20) 
thrown [s\open\src\hotspot\share\interpreter\linkResolver.cpp, line 773]
Event: 6.202 Thread 0x000001da4e4d56e0 Exception <a 'java/lang/NoSuchMethodError'{0x00000000e7337c98}: 'java.lang.Object java.lang.invoke.DirectMethodHandle$Holder.invokeStaticInit(java.lang.Object, long, java.lang.Object)'> (0x00000000e7337c98) 
thrown [s\open\src\hotspot\share\interpreter\linkResolver.cpp, line 773]
Event: 6.203 Thread 0x000001da4e4d56e0 Exception <a 'java/lang/NoSuchMethodError'{0x00000000e733dc30}: 'java.lang.Object java.lang.invoke.DirectMethodHandle$Holder.newInvokeSpecial(java.lang.Object, long)'> (0x00000000e733dc30) 
thrown [s\open\src\hotspot\share\interpreter\linkResolver.cpp, line 773]
Event: 6.599 Thread 0x000001da4e4d56e0 Exception <a 'java/lang/IncompatibleClassChangeError'{0x00000000e717ab38}: Found class java.lang.Object, but interface was expected> (0x00000000e717ab38) 
thrown [s\open\src\hotspot\share\interpreter\linkResolver.cpp, line 840]
Event: 6.617 Thread 0x000001da4e4d56e0 Exception <a 'java/lang/NoSuchMethodError'{0x00000000e719b6c8}: 'java.lang.Object java.lang.invoke.DirectMethodHandle$Holder.invokeStatic(java.lang.Object, int, java.lang.Object)'> (0x00000000e719b6c8) 
thrown [s\open\src\hotspot\share\interpreter\linkResolver.cpp, line 773]
Event: 6.618 Thread 0x000001da4e4d56e0 Exception <a 'java/lang/NoSuchMethodError'{0x00000000e719f288}: 'java.lang.Object java.lang.invoke.DirectMethodHandle$Holder.invokeStaticInit(java.lang.Object, int, java.lang.Object)'> (0x00000000e719f288) 
thrown [s\open\src\hotspot\share\interpreter\linkResolver.cpp, line 773]
Event: 6.630 Thread 0x000001da7074f520 Exception <a 'java/lang/NoClassDefFoundError'{0x00000000e70187c0}: jakarta/validation/Validation> (0x00000000e70187c0) 
thrown [s\open\src\hotspot\share\classfile\systemDictionary.cpp, line 301]

ZGC Phase Switch (0 events):
No events

VM Operations (20 events):
Event: 3.090 Executing VM operation: G1CollectForAllocation (G1 Evacuation Pause)
Event: 3.106 Executing VM operation: G1CollectForAllocation (G1 Evacuation Pause) done
Event: 3.512 Executing VM operation: HandshakeAllThreads (Deoptimize)
Event: 3.512 Executing VM operation: HandshakeAllThreads (Deoptimize) done
Event: 3.826 Executing VM operation: HandshakeAllThreads (Deoptimize)
Event: 3.826 Executing VM operation: HandshakeAllThreads (Deoptimize) done
Event: 4.181 Executing VM operation: HandshakeAllThreads (Deoptimize)
Event: 4.181 Executing VM operation: HandshakeAllThreads (Deoptimize) done
Event: 4.181 Executing VM operation: Cleanup
Event: 4.181 Executing VM operation: Cleanup done
Event: 5.186 Executing VM operation: Cleanup
Event: 5.187 Executing VM operation: Cleanup done
Event: 5.312 Executing VM operation: G1CollectForAllocation (G1 Evacuation Pause)
Event: 5.329 Executing VM operation: G1CollectForAllocation (G1 Evacuation Pause) done
Event: 5.403 Executing VM operation: HandshakeAllThreads (Deoptimize)
Event: 5.403 Executing VM operation: HandshakeAllThreads (Deoptimize) done
Event: 6.003 Executing VM operation: HandshakeAllThreads (Deoptimize)
Event: 6.003 Executing VM operation: HandshakeAllThreads (Deoptimize) done
Event: 6.140 Executing VM operation: ICBufferFull
Event: 6.140 Executing VM operation: ICBufferFull done

Events (20 events):
Event: 0.145 Thread 0x000001da6afc5a30 Thread added: 0x000001da6afc5a30
Event: 0.146 Thread 0x000001da6afc6480 Thread added: 0x000001da6afc6480
Event: 0.146 Thread 0x000001da6afc7670 Thread added: 0x000001da6afc7670
Event: 0.146 Thread 0x000001da6afc8b90 Thread added: 0x000001da6afc8b90
Event: 0.146 Thread 0x000001da6afcbdd0 Thread added: 0x000001da6afcbdd0
Event: 0.494 Thread 0x000001da6b282690 Thread added: 0x000001da6b282690
Event: 0.501 Thread 0x000001da6b28e8e0 Thread added: 0x000001da6b28e8e0
Event: 0.577 Thread 0x000001da6b2aa030 Thread added: 0x000001da6b2aa030
Event: 0.752 Thread 0x000001da6b2aa030 Thread exited: 0x000001da6b2aa030
Event: 2.046 Thread 0x000001da6b9fad10 Thread added: 0x000001da6b9fad10
Event: 2.293 Thread 0x000001da6b9fad10 Thread exited: 0x000001da6b9fad10
Event: 2.359 Thread 0x000001da6b9e7450 Thread added: 0x000001da6b9e7450
Event: 2.634 Thread 0x000001da700877d0 Thread added: 0x000001da700877d0
Event: 2.636 Thread 0x000001da6bba9580 Thread added: 0x000001da6bba9580
Event: 3.380 Thread 0x000001da6bc3c650 Thread added: 0x000001da6bc3c650
Event: 3.616 Thread 0x000001da6bc3c650 Thread exited: 0x000001da6bc3c650
Event: 3.892 Thread 0x000001da70468a10 Thread added: 0x000001da70468a10
Event: 5.713 Thread 0x000001da70468a10 Thread exited: 0x000001da70468a10
Event: 6.106 Thread 0x000001da71fd37e0 Thread added: 0x000001da71fd37e0
Event: 6.592 Thread 0x000001da7074f520 Thread added: 0x000001da7074f520


Dynamic libraries:
0x00007ff6a9900000 - 0x00007ff6a9910000 	C:\Program Files\Java\jdk-21\bin\java.exe
0x00007ffcb5690000 - 0x00007ffcb5888000 	C:\WINDOWS\SYSTEM32\ntdll.dll
0x00007ffcb3d50000 - 0x00007ffcb3e12000 	C:\WINDOWS\System32\KERNEL32.DLL
0x00007ffcb3160000 - 0x00007ffcb345e000 	C:\WINDOWS\System32\KERNELBASE.dll
0x00007ffcb3060000 - 0x00007ffcb3160000 	C:\WINDOWS\System32\ucrtbase.dll
0x00007ffcaa7e0000 - 0x00007ffcaa7fb000 	C:\Program Files\Java\jdk-21\bin\VCRUNTIME140.dll
0x00007ffc9f8a0000 - 0x00007ffc9f8b9000 	C:\Program Files\Java\jdk-21\bin\jli.dll
0x00007ffcb4b70000 - 0x00007ffcb4c21000 	C:\WINDOWS\System32\ADVAPI32.dll
0x00007ffcb4ac0000 - 0x00007ffcb4b5e000 	C:\WINDOWS\System32\msvcrt.dll
0x00007ffcb3ee0000 - 0x00007ffcb3f7f000 	C:\WINDOWS\System32\sechost.dll
0x00007ffcb4990000 - 0x00007ffcb4ab3000 	C:\WINDOWS\System32\RPCRT4.dll
0x00007ffcb3030000 - 0x00007ffcb3057000 	C:\WINDOWS\System32\bcrypt.dll
0x00007ffcb3820000 - 0x00007ffcb39bd000 	C:\WINDOWS\System32\USER32.dll
0x00007ffcb2fb0000 - 0x00007ffcb2fd2000 	C:\WINDOWS\System32\win32u.dll
0x00007ffc9e250000 - 0x00007ffc9e4ea000 	C:\WINDOWS\WinSxS\amd64_microsoft.windows.common-controls_6595b64144ccf1df_6.0.19041.4355_none_60b8b9eb71f62e16\COMCTL32.dll
0x00007ffcb5250000 - 0x00007ffcb527b000 	C:\WINDOWS\System32\GDI32.dll
0x00007ffcb3460000 - 0x00007ffcb3577000 	C:\WINDOWS\System32\gdi32full.dll
0x00007ffcb3610000 - 0x00007ffcb36ad000 	C:\WINDOWS\System32\msvcp_win.dll
0x00007ffcab950000 - 0x00007ffcab95a000 	C:\WINDOWS\SYSTEM32\VERSION.dll
0x00007ffcb37f0000 - 0x00007ffcb381f000 	C:\WINDOWS\System32\IMM32.DLL
0x00007ffcadac0000 - 0x00007ffcadacc000 	C:\Program Files\Java\jdk-21\bin\vcruntime140_1.dll
0x00007ffc7ad00000 - 0x00007ffc7ad8e000 	C:\Program Files\Java\jdk-21\bin\msvcp140.dll
0x00007ffc2efd0000 - 0x00007ffc2fce8000 	C:\Program Files\Java\jdk-21\bin\server\jvm.dll
0x00007ffcb5280000 - 0x00007ffcb52eb000 	C:\WINDOWS\System32\WS2_32.dll
0x00007ffcb2280000 - 0x00007ffcb22cb000 	C:\WINDOWS\SYSTEM32\POWRPROF.dll
0x00007ffc9b490000 - 0x00007ffc9b4b7000 	C:\WINDOWS\SYSTEM32\WINMM.dll
0x00007ffcb20f0000 - 0x00007ffcb2102000 	C:\WINDOWS\SYSTEM32\UMPDC.dll
0x00007ffcb1510000 - 0x00007ffcb1522000 	C:\WINDOWS\SYSTEM32\kernel.appcore.dll
0x00007ffcac9e0000 - 0x00007ffcac9ea000 	C:\Program Files\Java\jdk-21\bin\jimage.dll
0x00007ffcb09f0000 - 0x00007ffcb0bd4000 	C:\WINDOWS\SYSTEM32\DBGHELP.DLL
0x00007ffc97dc0000 - 0x00007ffc97df4000 	C:\WINDOWS\SYSTEM32\dbgcore.DLL
0x00007ffcb3580000 - 0x00007ffcb3602000 	C:\WINDOWS\System32\bcryptPrimitives.dll
0x00007ffc9e9e0000 - 0x00007ffc9e9ff000 	C:\Program Files\Java\jdk-21\bin\java.dll
0x00007ffcb4220000 - 0x00007ffcb498d000 	C:\WINDOWS\System32\SHELL32.dll
0x00007ffcb0be0000 - 0x00007ffcb1384000 	C:\WINDOWS\SYSTEM32\windows.storage.dll
0x00007ffcb52f0000 - 0x00007ffcb5643000 	C:\WINDOWS\System32\combase.dll
0x00007ffcb2760000 - 0x00007ffcb278e000 	C:\WINDOWS\SYSTEM32\Wldp.dll
0x00007ffcb4150000 - 0x00007ffcb421d000 	C:\WINDOWS\System32\OLEAUT32.dll
0x00007ffcb3e30000 - 0x00007ffcb3edd000 	C:\WINDOWS\System32\SHCORE.dll
0x00007ffcb3bc0000 - 0x00007ffcb3c15000 	C:\WINDOWS\System32\shlwapi.dll
0x00007ffcb2c60000 - 0x00007ffcb2c84000 	C:\WINDOWS\SYSTEM32\profapi.dll
0x00007ffc7ac20000 - 0x00007ffc7acf7000 	C:\Program Files\Java\jdk-21\bin\jsvml.dll
0x00007ffcaafb0000 - 0x00007ffcaafc0000 	C:\Program Files\Java\jdk-21\bin\net.dll
0x00007ffca9680000 - 0x00007ffca978d000 	C:\WINDOWS\SYSTEM32\WINHTTP.dll
0x00007ffcb2470000 - 0x00007ffcb24da000 	C:\WINDOWS\system32\mswsock.dll
0x00007ffc93600000 - 0x00007ffc93616000 	C:\Program Files\Java\jdk-21\bin\nio.dll
0x00007ffc8d480000 - 0x00007ffc8d498000 	C:\Program Files\Java\jdk-21\bin\zip.dll
0x00007ffcaa840000 - 0x00007ffcaa850000 	C:\Program Files\Java\jdk-21\bin\verify.dll
0x00007ffc95cd0000 - 0x00007ffc95cd9000 	C:\Program Files\Java\jdk-21\bin\extnet.dll
0x00007ffc93cf0000 - 0x00007ffc93cfe000 	C:\Program Files\Java\jdk-21\bin\sunmscapi.dll
0x00007ffcb2de0000 - 0x00007ffcb2f3c000 	C:\WINDOWS\System32\CRYPT32.dll
0x00007ffcb27d0000 - 0x00007ffcb27f7000 	C:\WINDOWS\SYSTEM32\ncrypt.dll
0x00007ffcb2790000 - 0x00007ffcb27cb000 	C:\WINDOWS\SYSTEM32\NTASN1.dll
0x00007ffcab010000 - 0x00007ffcab017000 	C:\WINDOWS\system32\wshunix.dll
0x00007ffcb2630000 - 0x00007ffcb2648000 	C:\WINDOWS\SYSTEM32\CRYPTSP.dll
0x00007ffcb1d30000 - 0x00007ffcb1d64000 	C:\WINDOWS\system32\rsaenh.dll
0x00007ffcb2c20000 - 0x00007ffcb2c4e000 	C:\WINDOWS\SYSTEM32\USERENV.dll
0x00007ffcb2650000 - 0x00007ffcb265c000 	C:\WINDOWS\SYSTEM32\CRYPTBASE.dll
0x00007ffcb2110000 - 0x00007ffcb214b000 	C:\WINDOWS\SYSTEM32\IPHLPAPI.DLL
0x00007ffcb3a50000 - 0x00007ffcb3a58000 	C:\WINDOWS\System32\NSI.dll

dbghelp: loaded successfully - version: 4.0.5 - missing functions: none
symbol engine: initialized successfully - sym options: 0x614 - pdb path: .;C:\Program Files\Java\jdk-21\bin;C:\WINDOWS\SYSTEM32;C:\WINDOWS\WinSxS\amd64_microsoft.windows.common-controls_6595b64144ccf1df_6.0.19041.4355_none_60b8b9eb71f62e16;C:\Program Files\Java\jdk-21\bin\server

VM Arguments:
jvm_args: -Dorg.gradle.internal.worker.tmpdir=D:\tugas kuliah\Manpro\APU\build\tmp\test\work -Xmx512m -Dfile.encoding=UTF-8 -Duser.country=ID -Duser.language=en -Duser.variant -ea 
java_command: worker.org.gradle.process.internal.worker.GradleWorkerMain 'Gradle Test Executor 51'
java_class_path (initial): C:\Users\hp\.gradle\caches\8.10.2\workerMain\gradle-worker.jar;D:\tugas kuliah\Manpro\APU\build\classes\java\test;D:\tugas kuliah\Manpro\APU\build\classes\java\main;D:\tugas kuliah\Manpro\APU\build\resources\main;C:\Users\hp\.gradle\caches\modules-2\files-2.1\org.springframework.boot\spring-boot-starter-thymeleaf\3.3.5\5fa47cb90c1ff87b9273fcf01b56bff77810077e\spring-boot-starter-thymeleaf-3.3.5.jar;C:\Users\hp\.gradle\caches\modules-2\files-2.1\org.springframework.boot\spring-boot-starter-web\3.3.5\51cc6cd5fb15f4eecfadea4ac689ed290e65c2cc\spring-boot-starter-web-3.3.5.jar;C:\Users\hp\.gradle\caches\modules-2\files-2.1\org.springframework.boot\spring-boot-starter-test\3.3.5\b4b61da11affe88867c452b3b2c5277cb50b209\spring-boot-starter-test-3.3.5.jar;C:\Users\hp\.gradle\caches\modules-2\files-2.1\org.junit.jupiter\junit-jupiter\5.10.5\cbf98926c44240c9ca1519a20e58722be6d6a44a\junit-jupiter-5.10.5.jar;C:\Users\hp\.gradle\caches\modules-2\files-2.1\org.junit.jupiter\junit-jupiter-engine\5.10.5\e234785788419ffdfc4b65474b2081c0a9f7e77d\junit-jupiter-engine-5.10.5.jar;C:\Users\hp\.gradle\caches\modules-2\files-2.1\org.junit.platform\junit-platform-engine\1.10.5\7db4b98a955a2686d893a8a209591f029c438b44\junit-platform-engine-1.10.5.jar;C:\Users\hp\.gradle\caches\modules-2\files-2.1\org.mockito\mockito-junit-jupiter\5.11.0\8e658dd339f40305ed4293db25545b5df98b171b\mockito-junit-jupiter-5.11.0.jar;C:\Users\hp\.gradle\caches\modules-2\files-2.1\org.junit.jupiter\junit-jupiter-params\5.10.5\e19d95e190aedb81c883d50cc05b1860400d957c\junit-jupiter-params-5.10.5.jar;C:\Users\hp\.gradle\caches\modules-2\files-2.1\org.junit.jupiter\junit-jupiter-api\5.10.5\a5c09855b0087daaddaa5faa5100ab2555d5e111\junit-jupiter-api-5.10.5.jar;C:\Users\hp\.gradle\caches\modules-2\files-2.1\org.junit.platform\junit-platform-commons\1.10.5\6d1985c5eece30fb9faafe9bf1f5e005ac3d0fcc\junit-platform-commons-1.10.5.jar;C:\Users\hp\.gradle\caches\modules-2\files-2.1\org.junit.platform\junit-platform-launcher\1.10.5\3b16b91a447cf687c968ee23d21827534fdac5a2\junit-platform-launcher-1.10.5.jar;C:\Users\hp\.gradle\caches\modules-2\files-2.1\org.springframework.boot\spring-boot-starter-json\3.3.5\a92dd0bc808c9de278bc62bc37db4e409027657a\spring-boot-starter-json-3.3.5.jar;C:\Users\hp\.gradle\caches\modules-2\files-2.1\org.springframework.boot\spring-boot-starter\3.3.5\16b7a9acf1918a8f763e871ada3794e9ffd4a980\spring-boot-starter-3.3.5.jar;C:\Users\hp\.gradle\caches\modules-2\files-2.1\org.thymeleaf\thymeleaf-spring6\3.1.2.RELEASE\6030c7b4e260c41336f378e53da6e8531263f24b\thymeleaf-spring6-3.1.2.RELEASE.jar;C:\Users\hp\.gradle\caches\modules-2\files-2.1\org.springframework.boot\spring-boot-starter-tomcat\3.3.5\9fcf404e2efc06612af0c194e6d4f4162c6aac24\spring-boot-starter-tomcat-3.3.5.jar;C:\Users\hp\.gradle\caches\modules-2\files-2.1\org.springframework\spring-webmvc\6.1.14\804478303aac6f91ea566efd4fef3dc06380528a\spring-webmvc-6.1.14.jar;C:\Users\hp\.gradle\caches\modules-2\files-2.1\org.springframework\spring-web\6.1.14\b45eaad7df4f37ce224acdcb555a6a3dd5c246b2\spring-web-6.1.14.jar;C:\Users\hp\.gradle\caches\modules-2\files-2.1\org.springframework.boot\spring-boot-test-autoconfigure\3.3.5\c70d4805d5f0a39476326cf3e0dbfcf57d861c8d\spring-boot-test-autoconfigure-3.3.5.jar;C:\Users\hp\.gradle\caches\modules-2\files-2.1\org.springframework.boot\spring-boot-test\3.3.5\91db886b7a202ae6f5a597f871b0c832ee1f78b3\spring-boot-test-3.3.5.jar;C:\Users\hp\.gradle\caches\modules-2\files-2.1\com.jayway.jsonpath\json-path\2.9.0\37fe2217f577b0b68b18e62c4d17a8858ecf9b69\json-path-2.9.0.jar;C:\Users\hp\.gradle\caches\modules-2\files-2.1\jakarta.xml.bind\jakarta.xml.bind-api\4.0.2\6cd5a999b834b63238005b7144136379dc36cad2\jakarta.xml.bind-api-4.0.2.jar;C:\Users\hp\.gradle\caches\modules-2\files-2.1\net.minidev\json-smart\2.5.1\4c11d2808d009132dfbbf947ebf37de6bf266c8e\json-smart-2.5.1.jar;C:\Users\hp\.gradle\caches\modules-2\files-2.1\org.assertj\assertj-core\3.25.3\792b270e73aa1cfc28fa135be0b95e69ea451432\assertj-core-3.25.3.jar;C:\Users\hp\.gradle\caches\modules-2\files-2.1\org.awaitility\awaitility\4.2.2\7336242073ebf83fe034e42b46a403c5501b63c9\awaitility-4.2.2.jar;C:\Users\hp\.gradle\caches\modules-2\files-2.1\org.hamcrest\hamcrest\2.2\1820c0968dba3a11a1b30669bb1f01978a91dedc\hamcrest-2.2.jar;C:\Users\hp\.gradle\caches\modules-2\files-2.1\org.mockito\mockito-core\5.11.0\e4069fa4f4ff2c94322cfec5f2e45341c6c70aff\mockito-core-5.11.0.jar;C:\Users\hp\.gradle\caches\modules-2\files-2.1\org.skyscreamer\jsonassert\1.5.3\aaa43e0823d2a0e106e8754d6a9c4ab24e05e9bc\jsonassert-1.5.3.jar;C:\Users\hp\.gradle\caches\modules-2\files-2.1\org.springframework\spring-test\6.1.14\8fbac6fc57f6ca7b429fb02b7aa3caea7e1a281d\spring-test-6.1.14.jar;C:\Users\hp\.gradle\caches\modules-2\files-2.1\org.springframework.boot\spring-boot-autoconfigure\3.3.5\1efbbd46eeef054986796200313f4bb0d53a7268\spring-boot-autoconfigure-3.3.5.jar;C:\Users\hp\.gradle\caches\modules-2\files-2.1\org.springframework.boot\spring-boot\3.3.5\1a0d1dc425d445503bd01c9aa3683aaebc524e3b\spring-boot-3.3.5.jar;C:\Users\hp\.gradle\caches\modules-2\files-2.1\org.springframework\spring-context\6.1.14\b3d96fb4310376a608465c3544b7cfb790293787\spring-context-6.1.14.jar;C:\Users\hp\.gradle\caches\modules-2\files-2.1\org.springframework\spring-aop\6.1.14\3d5002d4c415c1ff4720f214c804d3d7e7d10111\spring-aop-6.1.14.jar;C:\Users\hp\.gradle\caches\modules-2\files-2.1\org.springframework\spring-beans\6.1.14\be71b919145e20fb7f38c81467d7d0f1c09ad1bd\spring-beans-6.1.14.jar;C:\Users\hp\.gradle\caches\modules-2\files-2.1\org.springframework\spring-expression\6.1.14\495646d4968fb90aa97bc05a7d298d0c32898a1d\spring-expression-6.1.14.jar;C:\Users\hp\.gradle\caches\modules-2\files-2.1\org.springframework\spring-core\6.1.14\45d2d808015bf6c5411e457fa09e843042dc3a76\spring-core-6.1.14.jar;C:\Users\hp\.gradle\caches\modules-2\files-2.1\org.xmlunit\xmlunit-core\2.9.1\e5833662d9a1279a37da3ef6f62a1da29fcd68c4\xmlunit-core-2.9.1.jar;C:\Users\hp\.gradle\caches\modules-2\files-2.1\org.springframework.boot\spring-boot-starter-logging\3.3.5\de318d4baa64f02631accf51d708e906b304b4cc\spring-boot-starter-logging-3.3.5.jar;C:\Users\hp\.gradle\caches\modules-2\files-2.1\jakarta.annotation\jakarta.annotation-api\2.1.1\48b9bda22b091b1f48b13af03fe36db3be6e1ae3\jakarta.annotation-api-2.1.1.jar;C:\Users\hp\.gradle\caches\modules-2\files-2.1\org.yaml\snakeyaml\2.2\3af797a25458550a16bf89acc8e4ab2b7f2bfce0\snakeyaml-2.2.jar;C:\Users\hp\.gradle\caches\modules-2\files-2.1\org.thymeleaf\thymeleaf\3.1.2.RELEASE\273997509a4c7aef86cee0521750140c587d9be2\thymeleaf-3.1.2.RELEASE.jar;C:\Users\hp\.gradle\caches\modules-2\files-2.1\ch.qos.logback\logback-classic\1.5.11\c4473fb51fea6682ad477cf3c2206b8b9623b9d8\logback-classic-1.5.11.jar;C:\Users\hp\.gradle\caches\modules-2\files-2.1\org.apache.logging.log4j\log4j-to-slf4j\2.23.1\425ad1eb8a39904d2830e907a324e956fb456520\log4j-to-slf4j-2.23.1.jar;C:\Users\hp\.gradle\caches\modules-2\files-2.1\org.slf4j\jul-to-slf4j\2.0.16\6d57da3e961daac65bcca0dd3def6cd11e48a24a\jul-to-slf4j-2.0.16.jar;C:\Users\hp\.gradle\caches\modules-2\files-2.1\org.slf4j\slf4j-api\2.0.16\172931663a09a1fa515567af5fbef00897d3c04\slf4j-api-2.0.16.jar;C:\Users\hp\.gradle\caches\modules-2\files-2.1\com.fasterxml.jackson.datatype\jackson-datatype-jsr310\2.17.2\267b85e9ba2892a37be6d80aa9ca1438a0d8c210\jackson-datatype-jsr310-2.17.2.jar;C:\Users\hp\.gradle\caches\modules-2\files-2.1\com.fasterxml.jackson.module\jackson-module-parameter-names\2.17.2\d27b9f95ccce98984c1ba58d61c5a9c072b1ad95\jackson-module-parameter-names-2.17.2.jar;C:\Users\hp\.gradle\caches\modules-2\files-2.1\com.fasterxml.jackson.core\jackson-annotations\2.17.2\147b7b9412ffff24339f8aba080b292448e08698\jackson-annotations-2.17.2.jar;C:\Users\hp\.gradle\caches\modules-2\files-2.1\com.fasterxml.jackson.core\jackson-core\2.17.2\969a35cb35c86512acbadcdbbbfb044c877db814\jackson-core-2.17.2.jar;C:\Users\hp\.gradle\caches\modules-2\files-2.1\com.fasterxml.jackson.datatype\jackson-datatype-jdk8\2.17.2\efd3dd0e1d0db8bc72abbe71c15e697bb83b4b45\jackson-datatype-jdk8-2.17.2.jar;C:\Users\hp\.gradle\caches\modules-2\files-2.1\com.fasterxml.jackson.core\jackson-databind\2.17.2\e6deb029e5901e027c129341fac39e515066b68c\jackson-databind-2.17.2.jar;C:\Users\hp\.gradle\caches\modules-2\files-2.1\org.apache.tomcat.embed\tomcat-embed-websocket\10.1.31\6f755a475e44ece496ae3402de0c6c2dbea63921\tomcat-embed-websocket-10.1.31.jar;C:\Users\hp\.gradle\caches\modules-2\files-2.1\org.apache.tomcat.embed\tomcat-embed-core\10.1.31\a91cc0a95157228d9cccb1a9e8fb9c77c048c937\tomcat-embed-core-10.1.31.jar;C:\Users\hp\.gradle\caches\modules-2\files-2.1\org.apache.tomcat.embed\tomcat-embed-el\10.1.31\ab21108d69bb42160eff7b905f606a1d0c21ae67\tomcat-embed-el-10.1.31.jar;C:\Users\hp\.gradle\caches\modules-2\files-2.1\io.micrometer\micrometer-observation\1.13.6\8650b5372db17587f1271cd130beafa93d7eb573\micrometer-observation-1.13.6.jar;C:\Users\hp\.gradle\caches\modules-2\files-2.1\jakarta.activation\jakarta.activation-api\2.1.3\fa165bd70cda600368eee31555222776a46b881f\jakarta.activation-api-2.1.3.jar;C:\Users\hp\.gradle\caches\modules-2\files-2.1\net.minidev\accessors-smart\2.5.1\19b820261eb2e7de7d5bde11d1c06e4501dd7e5f\accessors-smart-2.5.1.jar;C:\Users\hp\.gradle\caches\modules-2\files-2.1\net.bytebuddy\byte-buddy\1.14.19\4c0c637b8f47dc08f89240e6f59900011752c97b\byte-buddy-1.14.19.jar;C:\Users\hp\.gradle\caches\modules-2\files-2.1\net.bytebuddy\byte-buddy-agent\1.14.19\154da3a65b4f4a909d3e5bdec55d1b2b4cbb6ce1\byte-buddy-agent-1.14.19.jar;C:\Users\hp\.gradle\caches\modules-2\files-2.1\org.objenesis\objenesis\3.3\1049c09f1de4331e8193e579448d0916d75b7631\objenesis-3.3.jar;C:\Users\hp\.gradle\caches\modules-2\files-2.1\com.vaadin.external.google\android-json\0.0.20131108.vaadin1\fa26d351fe62a6a17f5cda1287c1c6110dec413f\android-json-0.0.20131108.vaadin1.jar;C:\Users\hp\.gradle\caches\modules-2\files-2.1\org.springframework\spring-jcl\6.1.14\842b2b24a375efd79af436860d22ba4e0082ff4b\spring-jcl-6.1.14.jar;C:\Users\hp\.gradle\caches\modules-2\files-2.1\org.opentest4j\opentest4j\1.3.0\152ea56b3a72f655d4fd677fc0ef2596c3dd5e6e\opentest4j-1.3.0.jar;C:\Users\hp\.gradle\caches\modules-2\files-2.1\org.attoparser\attoparser\2.0.7.RELEASE\e5d0e988d9124139d645bb5872b24dfa23e283cc\attoparser-2.0.7.RELEASE.jar;C:\Users\hp\.gradle\caches\modules-2\files-2.1\org.unbescape\unbescape\1.1.6.RELEASE\7b90360afb2b860e09e8347112800d12c12b2a13\unbescape-1.1.6.RELEASE.jar;C:\Users\hp\.gradle\caches\modules-2\files-2.1\io.micrometer\micrometer-commons\1.13.6\224f398df08315a8f9cda21fcb4f062d24da4a49\micrometer-commons-1.13.6.jar;C:\Users\hp\.gradle\caches\modules-2\files-2.1\org.ow2.asm\asm\9.6\aa205cf0a06dbd8e04ece91c0b37c3f5d567546a\asm-9.6.jar;C:\Users\hp\.gradle\caches\modules-2\files-2.1\ch.qos.logback\logback-core\1.5.11\727bdb8dc75b6c392f9be56224503948abc248e8\logback-core-1.5.11.jar;C:\Users\hp\.gradle\caches\modules-2\files-2.1\org.apache.logging.log4j\log4j-api\2.23.1\9c15c29c526d9c6783049c0a77722693c66706e1\log4j-api-2.23.1.jar
Launcher Type: SUN_STANDARD

[Global flags]
     intx CICompilerCount                          = 4                                         {product} {ergonomic}
     uint ConcGCThreads                            = 2                                         {product} {ergonomic}
     uint G1ConcRefinementThreads                  = 8                                         {product} {ergonomic}
   size_t G1HeapRegionSize                         = 1048576                                   {product} {ergonomic}
    uintx GCDrainStackTargetSize                   = 64                                        {product} {ergonomic}
   size_t InitialHeapSize                          = 132120576                                 {product} {ergonomic}
   size_t MarkStackSize                            = 4194304                                   {product} {ergonomic}
   size_t MaxHeapSize                              = 536870912                                 {product} {command line}
   size_t MaxNewSize                               = 321912832                                 {product} {ergonomic}
   size_t MinHeapDeltaBytes                        = 1048576                                   {product} {ergonomic}
   size_t MinHeapSize                              = 8388608                                   {product} {ergonomic}
    uintx NonNMethodCodeHeapSize                   = 5839372                                {pd product} {ergonomic}
    uintx NonProfiledCodeHeapSize                  = 122909434                              {pd product} {ergonomic}
    uintx ProfiledCodeHeapSize                     = 122909434                              {pd product} {ergonomic}
    uintx ReservedCodeCacheSize                    = 251658240                              {pd product} {ergonomic}
     bool SegmentedCodeCache                       = true                                      {product} {ergonomic}
   size_t SoftMaxHeapSize                          = 536870912                              {manageable} {ergonomic}
     bool UseCompressedOops                        = true                           {product lp64_product} {ergonomic}
     bool UseG1GC                                  = true                                      {product} {ergonomic}
     bool UseLargePagesIndividualAllocation        = false                                  {pd product} {ergonomic}

Logging:
Log output configuration:
 #0: stdout all=warning uptime,level,tags foldmultilines=false
 #1: stderr all=off uptime,level,tags foldmultilines=false

Environment Variables:
JAVA_HOME=C:\Program Files\Java\jdk-21
CLASSPATH=D:\tugas kuliah\Manpro\APU\\gradle\wrapper\gradle-wrapper.jar
PATH=C:\Python312\Scripts\;C:\Python312\;C:\Program Files (x86)\Intel\Intel(R) Management Engine Components\iCLS\;C:\Program Files\Intel\Intel(R) Management Engine Components\iCLS\;C:\windows\system32;C:\windows;C:\windows\System32\Wbem;C:\windows\System32\WindowsPowerShell\v1.0\;C:\windows\System32\OpenSSH\;C:\Program Files (x86)\Intel\Intel(R) Management Engine Components\DAL;C:\Program Files\Intel\Intel(R) Management Engine Components\DAL;C:\Program Files (x86)\NVIDIA Corporation\PhysX\Common;C:\WINDOWS\system32;C:\WINDOWS;C:\WINDOWS\System32\Wbem;C:\WINDOWS\System32\WindowsPowerShell\v1.0\;C:\WINDOWS\System32\OpenSSH\;C:\Program Files (x86)\ZeroTier\One\;C:\xampp\php;C:\gradle-8.10.2\bin;C:\MinGW\bin;C:\Program Files (x86)\Microsoft SQL Server\160\Tools\Binn\;C:\Program Files\Microsoft SQL Server\160\Tools\Binn\;C:\Program Files\Microsoft SQL Server\Client SDK\ODBC\170\Tools\Binn\;C:\Program Files\Microsoft SQL Server\160\DTS\Binn\;C:\Program Files\Azure Data Studio\bin;D:\Git\cmd;C:\Program Files\Java\jdk-21\bin;D:\NodeJs\;C:\ProgramData\chocolatey\bin;C:\Program Files\Cloudflare\Cloudflare WARP\;C:\Users\hp\AppData\Local\Programs\Microsoft VS Code\bin;C:\MinGW\bin;C:\Program Files\Azure Data Studio\bin;C:\Program Files\Java\jdk-21;C:\Users\hp\AppData\Roaming\npm
USERNAME=hp
LANG=en_US.UTF-8
OS=Windows_NT
PROCESSOR_IDENTIFIER=Intel64 Family 6 Model 142 Stepping 10, GenuineIntel
TMP=C:\Users\hp\AppData\Local\Temp
TEMP=C:\Users\hp\AppData\Local\Temp




Periodic native trim disabled

---------------  S Y S T E M  ---------------

OS:
 Windows 10 , 64 bit Build 19041 (10.0.19041.5072)
OS uptime: 0 days 5:49 hours
Hyper-V role detected

CPU: total 8 (initial active 8) (4 cores per cpu, 2 threads per core) family 6 model 142 stepping 10 microcode 0xea, cx8, cmov, fxsr, ht, mmx, 3dnowpref, sse, sse2, sse3, ssse3, sse4.1, sse4.2, popcnt, lzcnt, tsc, tscinvbit, avx, avx2, aes, erms, clmul, bmi1, bmi2, adx, fma, vzeroupper, clflush, clflushopt, hv, rdtscp, f16c
Processor Information for all 8 processors :
  Max Mhz: 1992, Current Mhz: 1494, Mhz Limit: 1792

Memory: 4k page, system-wide physical 8026M (435M free)
TotalPageFile size 15026M (AvailPageFile size 27M)
current process WorkingSet (physical memory assigned to process): 123M, peak: 125M
current process commit charge ("private bytes"): 253M, peak: 260M

vm_info: Java HotSpot(TM) 64-Bit Server VM (21.0.5+9-LTS-239) for windows-amd64 JRE (21.0.5+9-LTS-239), built on 2024-09-30T05:17:38Z by "mach5one" with MS VC++ 17.6 (VS2022)

END.
