#
# There is insufficient memory for the Java Runtime Environment to continue.
# Native memory allocation (malloc) failed to allocate 1275616 bytes. Error detail: Chunk::new
# Possible reasons:
#   The system is out of physical RAM or swap space
#   This process is running with CompressedOops enabled, and the Java Heap may be blocking the growth of the native heap
# Possible solutions:
#   Reduce memory load on the system
#   Increase physical memory or swap space
#   Check if swap backing store is full
#   Decrease Java heap size (-Xmx/-Xms)
#   Decrease number of Java threads
#   Decrease Java thread stack sizes (-Xss)
#   Set larger code cache with -XX:ReservedCodeCacheSize=
#   JVM is running with Unscaled Compressed Oops mode in which the Java heap is
#     placed in the first 4GB address space. The Java Heap base address is the
#     maximum limit for the native heap growth. Please use -XX:HeapBaseMinAddress
#     to set the Java Heap base and to place the Java Heap above 4GB virtual address.
# This output file may be truncated or incomplete.
#
#  Out of Memory Error (arena.cpp:191), pid=1808, tid=10092
#
# JRE version: OpenJDK Runtime Environment Temurin-17.0.13+11 (17.0.13+11) (build 17.0.13+11)
# Java VM: OpenJDK 64-Bit Server VM Temurin-17.0.13+11 (17.0.13+11, mixed mode, tiered, compressed oops, compressed class ptrs, parallel gc, windows-amd64)
# No core dump will be written. Minidumps are not enabled by default on client versions of Windows
#

---------------  S U M M A R Y ------------

Command Line: --add-modules=ALL-SYSTEM --add-opens=java.base/java.util=ALL-UNNAMED --add-opens=java.base/java.lang=ALL-UNNAMED --add-opens=java.base/sun.nio.fs=ALL-UNNAMED -Declipse.application=org.eclipse.jdt.ls.core.id1 -Dosgi.bundles.defaultStartLevel=4 -Declipse.product=org.eclipse.jdt.ls.core.product -Djava.import.generatesMetadataFilesAtProjectRoot=false -DDetectVMInstallationsJob.disabled=true -Dfile.encoding=utf8 -XX:+UseParallelGC -XX:GCTimeRatio=4 -XX:AdaptiveSizePolicyWeight=90 -Dsun.zip.disableMemoryMapping=true -Xmx1G -Xms100m -Xlog:disable -javaagent:c:\Users\hp\.vscode\extensions\redhat.java-1.37.0-win32-x64\lombok\lombok-1.18.34.jar c:\Users\hp\.vscode\extensions\redhat.java-1.37.0-win32-x64\server\plugins\org.eclipse.equinox.launcher_1.6.900.v20240613-2009.jar -configuration c:\Users\hp\AppData\Roaming\Code\User\globalStorage\redhat.java\1.37.0\config_ss_win -data c:\Users\hp\AppData\Roaming\Code\User\workspaceStorage\da034aa1438d541f4866f63af0664736\redhat.java\ss_ws --pipe=\\.\pipe\lsp-0af68d21b6b1a6c2297f6ebeee2b7413-sock

Host: Intel(R) Core(TM) i7-8550U CPU @ 1.80GHz, 8 cores, 7G,  Windows 10 , 64 bit Build 19041 (10.0.19041.5198)
Time: Wed Dec 18 21:39:17 2024 SE Asia Standard Time elapsed time: 48.962297 seconds (0d 0h 0m 48s)

---------------  T H R E A D  ---------------

Current thread (0x00000192ef5576d0):  JavaThread "C2 CompilerThread1" daemon [_thread_in_native, id=10092, stack(0x0000008794000000,0x0000008794100000)]


Current CompileTask:
C2:  48962 5686       4       org.eclipse.jdt.internal.compiler.lookup.BinaryTypeBinding::createMethod (1724 bytes)

Stack: [0x0000008794000000,0x0000008794100000]
Native frames: (J=compiled Java code, j=interpreted, Vv=VM code, C=native code)
V  [jvm.dll+0x682a19]
V  [jvm.dll+0x839538]
V  [jvm.dll+0x83afe3]
V  [jvm.dll+0x83b653]
V  [jvm.dll+0x24704f]
V  [jvm.dll+0xace34]
V  [jvm.dll+0xad4cc]
V  [jvm.dll+0x2ac84f]
V  [jvm.dll+0x588a79]
V  [jvm.dll+0x220ea2]
V  [jvm.dll+0x22129f]
V  [jvm.dll+0x21a2b0]
V  [jvm.dll+0x21738b]
V  [jvm.dll+0x1a3070]
V  [jvm.dll+0x22788c]
V  [jvm.dll+0x2259eb]
V  [jvm.dll+0x7eec98]
V  [jvm.dll+0x7e8ffc]
V  [jvm.dll+0x6818f7]
C  [ucrtbase.dll+0x21bb2]
C  [KERNEL32.DLL+0x17374]
C  [ntdll.dll+0x4cc91]


---------------  P R O C E S S  ---------------

Threads class SMR info:
_java_thread_list=0x00000192fab842b0, length=41, elements={
0x00000192d1e1eac0, 0x00000192e7becff0, 0x00000192d1ed7f30, 0x00000192ecf32670,
0x00000192ecf33300, 0x00000192ecf33e90, 0x00000192ecf35770, 0x00000192ecf36bc0,
0x00000192ecf8f7c0, 0x00000192ecf99ce0, 0x00000192d1e83f00, 0x00000192ed27ce40,
0x00000192ee39cf00, 0x00000192ee60e950, 0x00000192ee8a3290, 0x00000192ee2dff10,
0x00000192ee2d4580, 0x00000192ee2d54b0, 0x00000192ee2d4a90, 0x00000192ee2d4fa0,
0x00000192ee2d4070, 0x00000192ef2de500, 0x00000192ef2def20, 0x00000192ef2ddff0,
0x00000192ef2db260, 0x00000192ef2dad50, 0x00000192ef2dc6a0, 0x00000192ef2df430,
0x00000192ef2df940, 0x00000192ef2e17a0, 0x00000192ef2dcbb0, 0x00000192ef2ddae0,
0x00000192ef2dd0c0, 0x00000192ef2dfe50, 0x00000192ef2e0360, 0x00000192ef2e1290,
0x00000192ef2da840, 0x00000192ef2db770, 0x00000192ef2dbc80, 0x00000192ef2dc190,
0x00000192ef5576d0
}

Java Threads: ( => current thread )
  0x00000192d1e1eac0 JavaThread "main" [_thread_blocked, id=4424, stack(0x0000008790e00000,0x0000008790f00000)]
  0x00000192e7becff0 JavaThread "Reference Handler" daemon [_thread_blocked, id=15272, stack(0x0000008791100000,0x0000008791200000)]
  0x00000192d1ed7f30 JavaThread "Finalizer" daemon [_thread_blocked, id=4436, stack(0x0000008791200000,0x0000008791300000)]
  0x00000192ecf32670 JavaThread "Signal Dispatcher" daemon [_thread_blocked, id=14824, stack(0x0000008791300000,0x0000008791400000)]
  0x00000192ecf33300 JavaThread "Attach Listener" daemon [_thread_blocked, id=10900, stack(0x0000008791400000,0x0000008791500000)]
  0x00000192ecf33e90 JavaThread "Service Thread" daemon [_thread_blocked, id=19400, stack(0x0000008791500000,0x0000008791600000)]
  0x00000192ecf35770 JavaThread "Monitor Deflation Thread" daemon [_thread_blocked, id=1028, stack(0x0000008791600000,0x0000008791700000)]
  0x00000192ecf36bc0 JavaThread "C2 CompilerThread0" daemon [_thread_in_native, id=17512, stack(0x0000008791700000,0x0000008791800000)]
  0x00000192ecf8f7c0 JavaThread "C1 CompilerThread0" daemon [_thread_blocked, id=2692, stack(0x0000008791800000,0x0000008791900000)]
  0x00000192ecf99ce0 JavaThread "Sweeper thread" daemon [_thread_blocked, id=11224, stack(0x0000008791900000,0x0000008791a00000)]
  0x00000192d1e83f00 JavaThread "Common-Cleaner" daemon [_thread_blocked, id=13172, stack(0x0000008791a00000,0x0000008791b00000)]
  0x00000192ed27ce40 JavaThread "Notification Thread" daemon [_thread_blocked, id=22136, stack(0x0000008791b00000,0x0000008791c00000)]
  0x00000192ee39cf00 JavaThread "Active Thread: Equinox Container: 51b05fb2-819d-414d-89c7-e4f36190ca19" [_thread_blocked, id=2092, stack(0x0000008792400000,0x0000008792500000)]
  0x00000192ee60e950 JavaThread "Framework Event Dispatcher: Equinox Container: 51b05fb2-819d-414d-89c7-e4f36190ca19" daemon [_thread_blocked, id=21660, stack(0x0000008792500000,0x0000008792600000)]
  0x00000192ee8a3290 JavaThread "Start Level: Equinox Container: 51b05fb2-819d-414d-89c7-e4f36190ca19" daemon [_thread_blocked, id=19872, stack(0x0000008792600000,0x0000008792700000)]
  0x00000192ee2dff10 JavaThread "SCR Component Actor" daemon [_thread_blocked, id=10880, stack(0x0000008792300000,0x0000008792400000)]
  0x00000192ee2d4580 JavaThread "Worker-JM" [_thread_blocked, id=17112, stack(0x0000008792900000,0x0000008792a00000)]
  0x00000192ee2d54b0 JavaThread "JNA Cleaner" daemon [_thread_blocked, id=14896, stack(0x0000008792800000,0x0000008792900000)]
  0x00000192ee2d4a90 JavaThread "Worker-0" [_thread_blocked, id=14024, stack(0x0000008792a00000,0x0000008792b00000)]
  0x00000192ee2d4fa0 JavaThread "Worker-1" [_thread_blocked, id=20072, stack(0x0000008792b00000,0x0000008792c00000)]
  0x00000192ee2d4070 JavaThread "Thread-3" daemon [_thread_in_native, id=13012, stack(0x0000008792e00000,0x0000008792f00000)]
  0x00000192ef2de500 JavaThread "Thread-4" daemon [_thread_in_native, id=16788, stack(0x0000008792f00000,0x0000008793000000)]
  0x00000192ef2def20 JavaThread "Thread-5" daemon [_thread_in_native, id=18092, stack(0x0000008793000000,0x0000008793100000)]
  0x00000192ef2ddff0 JavaThread "Thread-6" daemon [_thread_in_native, id=14144, stack(0x0000008793100000,0x0000008793200000)]
  0x00000192ef2db260 JavaThread "Thread-7" daemon [_thread_in_native, id=3456, stack(0x0000008793200000,0x0000008793300000)]
  0x00000192ef2dad50 JavaThread "Thread-8" daemon [_thread_in_native, id=7432, stack(0x0000008793300000,0x0000008793400000)]
  0x00000192ef2dc6a0 JavaThread "Thread-9" daemon [_thread_in_native, id=4196, stack(0x0000008793400000,0x0000008793500000)]
  0x00000192ef2df430 JavaThread "Thread-10" daemon [_thread_in_native, id=18576, stack(0x0000008793500000,0x0000008793600000)]
  0x00000192ef2df940 JavaThread "Thread-11" daemon [_thread_in_native, id=19980, stack(0x0000008793600000,0x0000008793700000)]
  0x00000192ef2e17a0 JavaThread "pool-2-thread-1" [_thread_blocked, id=14372, stack(0x0000008793700000,0x0000008793800000)]
  0x00000192ef2dcbb0 JavaThread "Worker-2" [_thread_blocked, id=14608, stack(0x0000008792d00000,0x0000008792e00000)]
  0x00000192ef2ddae0 JavaThread "WorkspaceEventsHandler" [_thread_blocked, id=4836, stack(0x0000008792c00000,0x0000008792d00000)]
  0x00000192ef2dd0c0 JavaThread "pool-1-thread-1" [_thread_blocked, id=15312, stack(0x0000008793800000,0x0000008793900000)]
  0x00000192ef2dfe50 JavaThread "ForkJoinPool.commonPool-worker-1" daemon [_thread_blocked, id=20468, stack(0x0000008793900000,0x0000008793a00000)]
  0x00000192ef2e0360 JavaThread "ForkJoinPool.commonPool-worker-2" daemon [_thread_blocked, id=10260, stack(0x0000008793a00000,0x0000008793b00000)]
  0x00000192ef2e1290 JavaThread "ForkJoinPool.commonPool-worker-3" daemon [_thread_blocked, id=20648, stack(0x0000008793b00000,0x0000008793c00000)]
  0x00000192ef2da840 JavaThread "ForkJoinPool.commonPool-worker-4" daemon [_thread_blocked, id=16552, stack(0x0000008793c00000,0x0000008793d00000)]
  0x00000192ef2db770 JavaThread "ForkJoinPool.commonPool-worker-5" daemon [_thread_in_vm, id=22264, stack(0x0000008793d00000,0x0000008793e00000)]
  0x00000192ef2dbc80 JavaThread "ForkJoinPool.commonPool-worker-6" daemon [_thread_blocked, id=6228, stack(0x0000008793e00000,0x0000008793f00000)]
  0x00000192ef2dc190 JavaThread "ForkJoinPool.commonPool-worker-7" daemon [_thread_blocked, id=18176, stack(0x0000008793f00000,0x0000008794000000)]
=>0x00000192ef5576d0 JavaThread "C2 CompilerThread1" daemon [_thread_in_native, id=10092, stack(0x0000008794000000,0x0000008794100000)]

Other Threads:
  0x00000192e7be9c90 VMThread "VM Thread" [stack: 0x0000008791000000,0x0000008791100000] [id=14364]
  0x00000192ed278a80 WatcherThread [stack: 0x0000008791c00000,0x0000008791d00000] [id=21864]
  0x00000192d1e36550 GCTaskThread "GC Thread#0" [stack: 0x0000008790f00000,0x0000008791000000] [id=14492]
  0x00000192ee3070a0 GCTaskThread "GC Thread#1" [stack: 0x0000008791d00000,0x0000008791e00000] [id=19296]
  0x00000192ee307770 GCTaskThread "GC Thread#2" [stack: 0x0000008791e00000,0x0000008791f00000] [id=8208]
  0x00000192ee37bc60 GCTaskThread "GC Thread#3" [stack: 0x0000008791f00000,0x0000008792000000] [id=14764]
  0x00000192ee37bf20 GCTaskThread "GC Thread#4" [stack: 0x0000008792000000,0x0000008792100000] [id=12460]
  0x00000192ee37c1e0 GCTaskThread "GC Thread#5" [stack: 0x0000008792100000,0x0000008792200000] [id=13796]
  0x00000192ee37c4a0 GCTaskThread "GC Thread#6" [stack: 0x0000008792200000,0x0000008792300000] [id=17920]
  0x00000192ee6a8450 GCTaskThread "GC Thread#7" [stack: 0x0000008792700000,0x0000008792800000] [id=10904]

Threads with active compile tasks:
C2 CompilerThread0    49320 5899       4       lombok.launch.PatchFixesHider$Delegate::isDelegateSourceMethod (21 bytes)
C2 CompilerThread1    49321 5686       4       org.eclipse.jdt.internal.compiler.lookup.BinaryTypeBinding::createMethod (1724 bytes)

VM state: not at safepoint (normal execution)

VM Mutex/Monitor currently owned by a thread: None

Heap address: 0x00000000c0000000, size: 1024 MB, Compressed Oops mode: 32-bit

CDS archive(s) not mapped
Compressed class space mapped at: 0x0000000100000000-0x0000000140000000, reserved size: 1073741824
Narrow klass base: 0x0000000000000000, Narrow klass shift: 3, Narrow klass range: 0x140000000

GC Precious Log:
 CPUs: 8 total, 8 available
 Memory: 8026M
 Large Page Support: Disabled
 NUMA Support: Disabled
 Compressed Oops: Enabled (32-bit)
 Alignments: Space 512K, Generation 512K, Heap 2M
 Heap Min Capacity: 100M
 Heap Initial Capacity: 100M
 Heap Max Capacity: 1G
 Pre-touch: Disabled
 Parallel Workers: 8

Heap:
 PSYoungGen      total 19456K, used 10833K [0x00000000eab00000, 0x00000000ece00000, 0x0000000100000000)
  eden space 16896K, 49% used [0x00000000eab00000,0x00000000eb31bf80,0x00000000ebb80000)
  from space 2560K, 98% used [0x00000000ec280000,0x00000000ec4f84f0,0x00000000ec500000)
  to   space 7168K, 0% used [0x00000000ebb80000,0x00000000ebb80000,0x00000000ec280000)
 ParOldGen       total 68608K, used 33832K [0x00000000c0000000, 0x00000000c4300000, 0x00000000eab00000)
  object space 68608K, 49% used [0x00000000c0000000,0x00000000c210a040,0x00000000c4300000)
 Metaspace       used 49530K, committed 50432K, reserved 1114112K
  class space    used 5070K, committed 5440K, reserved 1048576K

Card table byte_map: [0x00000192e5460000,0x00000192e5670000] _byte_map_base: 0x00000192e4e60000

Marking Bits: (ParMarkBitMap*) 0x00007ff99f076940
 Begin Bits: [0x00000192e57d0000, 0x00000192e67d0000)
 End Bits:   [0x00000192e67d0000, 0x00000192e77d0000)

Polling page: 0x00000192d1ca0000

Metaspace:

Usage:
  Non-class:     43.42 MB used.
      Class:      4.95 MB used.
       Both:     48.37 MB used.

Virtual space:
  Non-class space:       64.00 MB reserved,      43.94 MB ( 69%) committed,  1 nodes.
      Class space:        1.00 GB reserved,       5.31 MB ( <1%) committed,  1 nodes.
             Both:        1.06 GB reserved,      49.25 MB (  5%) committed. 

Chunk freelists:
   Non-Class:  3.55 MB
       Class:  10.63 MB
        Both:  14.17 MB

MaxMetaspaceSize: unlimited
CompressedClassSpaceSize: 1.00 GB
Initial GC threshold: 21.00 MB
Current GC threshold: 58.38 MB
CDS: off
MetaspaceReclaimPolicy: balanced
 - commit_granule_bytes: 65536.
 - commit_granule_words: 8192.
 - virtual_space_node_default_size: 8388608.
 - enlarge_chunks_in_place: 1.
 - new_chunks_are_fully_committed: 0.
 - uncommit_free_chunks: 1.
 - use_allocation_guard: 0.
 - handle_deallocations: 1.


Internal statistics:

num_allocs_failed_limit: 6.
num_arena_births: 728.
num_arena_deaths: 14.
num_vsnodes_births: 2.
num_vsnodes_deaths: 0.
num_space_committed: 789.
num_space_uncommitted: 0.
num_chunks_returned_to_freelist: 20.
num_chunks_taken_from_freelist: 2564.
num_chunk_merges: 11.
num_chunk_splits: 1591.
num_chunks_enlarged: 913.
num_inconsistent_stats: 0.

CodeHeap 'non-profiled nmethods': size=120000Kb used=2760Kb max_used=3058Kb free=117240Kb
 bounds [0x00000192ddd50000, 0x00000192de050000, 0x00000192e5280000]
CodeHeap 'profiled nmethods': size=120000Kb used=10523Kb max_used=11257Kb free=109476Kb
 bounds [0x00000192d6280000, 0x00000192d6d80000, 0x00000192dd7b0000]
CodeHeap 'non-nmethods': size=5760Kb used=1344Kb max_used=1423Kb free=4415Kb
 bounds [0x00000192dd7b0000, 0x00000192dda20000, 0x00000192ddd50000]
 total_blobs=5772 nmethods=5085 adapters=600
 compilation: enabled
              stopped_count=0, restarted_count=0
 full_count=0

Compilation events (20 events):
Event: 48.747 Thread 0x00000192ecf36bc0 nmethod 5695 0x00000192dddad690 code [0x00000192dddad820, 0x00000192dddad978]
Event: 48.748 Thread 0x00000192ecf36bc0 5822       4       org.eclipse.jdt.internal.compiler.util.Util::scanIdentifier (71 bytes)
Event: 48.769 Thread 0x00000192ecf36bc0 nmethod 5822 0x00000192dddacf10 code [0x00000192dddad0a0, 0x00000192dddad278]
Event: 48.769 Thread 0x00000192ecf36bc0 5861       4       org.eclipse.jdt.internal.core.ClassFile::translatedName (50 bytes)
Event: 48.817 Thread 0x00000192ecf36bc0 nmethod 5861 0x00000192ddffc110 code [0x00000192ddffc2a0, 0x00000192ddffc558]
Event: 48.817 Thread 0x00000192ecf36bc0 5701       4       org.eclipse.core.runtime.Path::computeLength (100 bytes)
Event: 48.842 Thread 0x00000192ecf36bc0 nmethod 5701 0x00000192ddffbb90 code [0x00000192ddffbd20, 0x00000192ddffbf18]
Event: 48.842 Thread 0x00000192ecf36bc0 5697       4       java.lang.StringConcatHelper::stringOf (20 bytes)
Event: 48.844 Thread 0x00000192ecf36bc0 nmethod 5697 0x00000192ddffb890 code [0x00000192ddffba00, 0x00000192ddffba98]
Event: 48.844 Thread 0x00000192ecf36bc0 5670       4       java.lang.ref.Reference::<init> (25 bytes)
Event: 48.846 Thread 0x00000192ecf36bc0 nmethod 5670 0x00000192ddffb410 code [0x00000192ddffb580, 0x00000192ddffb638]
Event: 48.846 Thread 0x00000192ecf36bc0 5787   !   4       org.eclipse.jdt.internal.core.util.DeduplicationUtil::intern (28 bytes)
Event: 48.851 Thread 0x00000192ecf36bc0 nmethod 5787 0x00000192ddd5f990 code [0x00000192ddd5fb20, 0x00000192ddd5fe08]
Event: 48.851 Thread 0x00000192ecf36bc0 5893 %     4       org.eclipse.jdt.core.compiler.CharOperation::indexOf @ 5 (25 bytes)
Event: 48.872 Thread 0x00000192ecf36bc0 nmethod 5893% 0x00000192ddd5f590 code [0x00000192ddd5f700, 0x00000192ddd5f8b8]
Event: 48.872 Thread 0x00000192ecf36bc0 5785       4       org.eclipse.jdt.internal.core.Openable::<init> (6 bytes)
Event: 48.877 Thread 0x00000192ecf36bc0 nmethod 5785 0x00000192ddd5f210 code [0x00000192ddd5f380, 0x00000192ddd5f478]
Event: 48.877 Thread 0x00000192ecf36bc0 5895       4       org.eclipse.jdt.internal.compiler.util.Util::scanClassTypeSignature (109 bytes)
Event: 48.905 Thread 0x00000192ecf36bc0 nmethod 5895 0x00000192ddff3210 code [0x00000192ddff33e0, 0x00000192ddff3848]
Event: 48.905 Thread 0x00000192ecf36bc0 5813       4       java.lang.String::regionMatches (150 bytes)

GC Heap History (20 events):
Event: 36.616 GC heap before
{Heap before GC invocations=17 (full 2):
 PSYoungGen      total 23040K, used 23031K [0x00000000eab00000, 0x00000000ec880000, 0x0000000100000000)
  eden space 21504K, 100% used [0x00000000eab00000,0x00000000ec000000,0x00000000ec000000)
  from space 1536K, 99% used [0x00000000ec400000,0x00000000ec57dce0,0x00000000ec580000)
  to   space 4096K, 0% used [0x00000000ec000000,0x00000000ec000000,0x00000000ec400000)
 ParOldGen       total 68608K, used 20259K [0x00000000c0000000, 0x00000000c4300000, 0x00000000eab00000)
  object space 68608K, 29% used [0x00000000c0000000,0x00000000c13c8ef0,0x00000000c4300000)
 Metaspace       used 41978K, committed 42816K, reserved 1114112K
  class space    used 4252K, committed 4608K, reserved 1048576K
}
Event: 36.622 GC heap after
{Heap after GC invocations=17 (full 2):
 PSYoungGen      total 23040K, used 1280K [0x00000000eab00000, 0x00000000ec500000, 0x0000000100000000)
  eden space 21504K, 0% used [0x00000000eab00000,0x00000000eab00000,0x00000000ec000000)
  from space 1536K, 83% used [0x00000000ec000000,0x00000000ec140118,0x00000000ec180000)
  to   space 2560K, 0% used [0x00000000ec280000,0x00000000ec280000,0x00000000ec500000)
 ParOldGen       total 68608K, used 21505K [0x00000000c0000000, 0x00000000c4300000, 0x00000000eab00000)
  object space 68608K, 31% used [0x00000000c0000000,0x00000000c15006b0,0x00000000c4300000)
 Metaspace       used 41978K, committed 42816K, reserved 1114112K
  class space    used 4252K, committed 4608K, reserved 1048576K
}
Event: 37.867 GC heap before
{Heap before GC invocations=18 (full 2):
 PSYoungGen      total 23040K, used 22732K [0x00000000eab00000, 0x00000000ec500000, 0x0000000100000000)
  eden space 21504K, 99% used [0x00000000eab00000,0x00000000ebff2ff8,0x00000000ec000000)
  from space 1536K, 83% used [0x00000000ec000000,0x00000000ec140118,0x00000000ec180000)
  to   space 2560K, 0% used [0x00000000ec280000,0x00000000ec280000,0x00000000ec500000)
 ParOldGen       total 68608K, used 21505K [0x00000000c0000000, 0x00000000c4300000, 0x00000000eab00000)
  object space 68608K, 31% used [0x00000000c0000000,0x00000000c15006b0,0x00000000c4300000)
 Metaspace       used 43198K, committed 44032K, reserved 1114112K
  class space    used 4376K, committed 4736K, reserved 1048576K
}
Event: 37.871 GC heap after
{Heap after GC invocations=18 (full 2):
 PSYoungGen      total 22016K, used 288K [0x00000000eab00000, 0x00000000ec300000, 0x0000000100000000)
  eden space 21504K, 0% used [0x00000000eab00000,0x00000000eab00000,0x00000000ec000000)
  from space 512K, 56% used [0x00000000ec280000,0x00000000ec2c8000,0x00000000ec300000)
  to   space 1024K, 0% used [0x00000000ec100000,0x00000000ec100000,0x00000000ec200000)
 ParOldGen       total 68608K, used 21561K [0x00000000c0000000, 0x00000000c4300000, 0x00000000eab00000)
  object space 68608K, 31% used [0x00000000c0000000,0x00000000c150e6b0,0x00000000c4300000)
 Metaspace       used 43198K, committed 44032K, reserved 1114112K
  class space    used 4376K, committed 4736K, reserved 1048576K
}
Event: 40.699 GC heap before
{Heap before GC invocations=19 (full 2):
 PSYoungGen      total 22016K, used 21791K [0x00000000eab00000, 0x00000000ec300000, 0x0000000100000000)
  eden space 21504K, 99% used [0x00000000eab00000,0x00000000ebffffb8,0x00000000ec000000)
  from space 512K, 56% used [0x00000000ec280000,0x00000000ec2c8000,0x00000000ec300000)
  to   space 1024K, 0% used [0x00000000ec100000,0x00000000ec100000,0x00000000ec200000)
 ParOldGen       total 68608K, used 21561K [0x00000000c0000000, 0x00000000c4300000, 0x00000000eab00000)
  object space 68608K, 31% used [0x00000000c0000000,0x00000000c150e6b0,0x00000000c4300000)
 Metaspace       used 44129K, committed 44992K, reserved 1114112K
  class space    used 4492K, committed 4864K, reserved 1048576K
}
Event: 40.704 GC heap after
{Heap after GC invocations=19 (full 2):
 PSYoungGen      total 22528K, used 416K [0x00000000eab00000, 0x00000000ec300000, 0x0000000100000000)
  eden space 21504K, 0% used [0x00000000eab00000,0x00000000eab00000,0x00000000ec000000)
  from space 1024K, 40% used [0x00000000ec100000,0x00000000ec168000,0x00000000ec200000)
  to   space 512K, 0% used [0x00000000ec280000,0x00000000ec280000,0x00000000ec300000)
 ParOldGen       total 68608K, used 21721K [0x00000000c0000000, 0x00000000c4300000, 0x00000000eab00000)
  object space 68608K, 31% used [0x00000000c0000000,0x00000000c15366b0,0x00000000c4300000)
 Metaspace       used 44129K, committed 44992K, reserved 1114112K
  class space    used 4492K, committed 4864K, reserved 1048576K
}
Event: 43.181 GC heap before
{Heap before GC invocations=20 (full 2):
 PSYoungGen      total 22528K, used 21920K [0x00000000eab00000, 0x00000000ec300000, 0x0000000100000000)
  eden space 21504K, 100% used [0x00000000eab00000,0x00000000ec000000,0x00000000ec000000)
  from space 1024K, 40% used [0x00000000ec100000,0x00000000ec168000,0x00000000ec200000)
  to   space 512K, 0% used [0x00000000ec280000,0x00000000ec280000,0x00000000ec300000)
 ParOldGen       total 68608K, used 21721K [0x00000000c0000000, 0x00000000c4300000, 0x00000000eab00000)
  object space 68608K, 31% used [0x00000000c0000000,0x00000000c15366b0,0x00000000c4300000)
 Metaspace       used 46059K, committed 46976K, reserved 1114112K
  class space    used 4664K, committed 5120K, reserved 1048576K
}
Event: 43.188 GC heap after
{Heap after GC invocations=20 (full 2):
 PSYoungGen      total 22016K, used 512K [0x00000000eab00000, 0x00000000ec300000, 0x0000000100000000)
  eden space 21504K, 0% used [0x00000000eab00000,0x00000000eab00000,0x00000000ec000000)
  from space 512K, 100% used [0x00000000ec280000,0x00000000ec300000,0x00000000ec300000)
  to   space 1024K, 0% used [0x00000000ec100000,0x00000000ec100000,0x00000000ec200000)
 ParOldGen       total 68608K, used 22001K [0x00000000c0000000, 0x00000000c4300000, 0x00000000eab00000)
  object space 68608K, 32% used [0x00000000c0000000,0x00000000c157c6b0,0x00000000c4300000)
 Metaspace       used 46059K, committed 46976K, reserved 1114112K
  class space    used 4664K, committed 5120K, reserved 1048576K
}
Event: 43.711 GC heap before
{Heap before GC invocations=21 (full 2):
 PSYoungGen      total 22016K, used 22016K [0x00000000eab00000, 0x00000000ec300000, 0x0000000100000000)
  eden space 21504K, 100% used [0x00000000eab00000,0x00000000ec000000,0x00000000ec000000)
  from space 512K, 100% used [0x00000000ec280000,0x00000000ec300000,0x00000000ec300000)
  to   space 1024K, 0% used [0x00000000ec100000,0x00000000ec100000,0x00000000ec200000)
 ParOldGen       total 68608K, used 22001K [0x00000000c0000000, 0x00000000c4300000, 0x00000000eab00000)
  object space 68608K, 32% used [0x00000000c0000000,0x00000000c157c6b0,0x00000000c4300000)
 Metaspace       used 46351K, committed 47296K, reserved 1114112K
  class space    used 4696K, committed 5120K, reserved 1048576K
}
Event: 43.721 GC heap after
{Heap after GC invocations=21 (full 2):
 PSYoungGen      total 22528K, used 1024K [0x00000000eab00000, 0x00000000ec500000, 0x0000000100000000)
  eden space 21504K, 0% used [0x00000000eab00000,0x00000000eab00000,0x00000000ec000000)
  from space 1024K, 100% used [0x00000000ec100000,0x00000000ec200000,0x00000000ec200000)
  to   space 2560K, 0% used [0x00000000ec280000,0x00000000ec280000,0x00000000ec500000)
 ParOldGen       total 68608K, used 22917K [0x00000000c0000000, 0x00000000c4300000, 0x00000000eab00000)
  object space 68608K, 33% used [0x00000000c0000000,0x00000000c16617b0,0x00000000c4300000)
 Metaspace       used 46351K, committed 47296K, reserved 1114112K
  class space    used 4696K, committed 5120K, reserved 1048576K
}
Event: 44.179 GC heap before
{Heap before GC invocations=22 (full 2):
 PSYoungGen      total 22528K, used 22528K [0x00000000eab00000, 0x00000000ec500000, 0x0000000100000000)
  eden space 21504K, 100% used [0x00000000eab00000,0x00000000ec000000,0x00000000ec000000)
  from space 1024K, 100% used [0x00000000ec100000,0x00000000ec200000,0x00000000ec200000)
  to   space 2560K, 0% used [0x00000000ec280000,0x00000000ec280000,0x00000000ec500000)
 ParOldGen       total 68608K, used 22917K [0x00000000c0000000, 0x00000000c4300000, 0x00000000eab00000)
  object space 68608K, 33% used [0x00000000c0000000,0x00000000c16617b0,0x00000000c4300000)
 Metaspace       used 46749K, committed 47616K, reserved 1114112K
  class space    used 4736K, committed 5120K, reserved 1048576K
}
Event: 44.194 GC heap after
{Heap after GC invocations=22 (full 2):
 PSYoungGen      total 24064K, used 2052K [0x00000000eab00000, 0x00000000ec500000, 0x0000000100000000)
  eden space 21504K, 0% used [0x00000000eab00000,0x00000000eab00000,0x00000000ec000000)
  from space 2560K, 80% used [0x00000000ec280000,0x00000000ec481040,0x00000000ec500000)
  to   space 2560K, 0% used [0x00000000ec000000,0x00000000ec000000,0x00000000ec280000)
 ParOldGen       total 68608K, used 23933K [0x00000000c0000000, 0x00000000c4300000, 0x00000000eab00000)
  object space 68608K, 34% used [0x00000000c0000000,0x00000000c175f7c0,0x00000000c4300000)
 Metaspace       used 46749K, committed 47616K, reserved 1114112K
  class space    used 4736K, committed 5120K, reserved 1048576K
}
Event: 44.928 GC heap before
{Heap before GC invocations=23 (full 2):
 PSYoungGen      total 24064K, used 23556K [0x00000000eab00000, 0x00000000ec500000, 0x0000000100000000)
  eden space 21504K, 100% used [0x00000000eab00000,0x00000000ec000000,0x00000000ec000000)
  from space 2560K, 80% used [0x00000000ec280000,0x00000000ec481040,0x00000000ec500000)
  to   space 2560K, 0% used [0x00000000ec000000,0x00000000ec000000,0x00000000ec280000)
 ParOldGen       total 68608K, used 23933K [0x00000000c0000000, 0x00000000c4300000, 0x00000000eab00000)
  object space 68608K, 34% used [0x00000000c0000000,0x00000000c175f7c0,0x00000000c4300000)
 Metaspace       used 46821K, committed 47744K, reserved 1114112K
  class space    used 4742K, committed 5120K, reserved 1048576K
}
Event: 44.937 GC heap after
{Heap after GC invocations=23 (full 2):
 PSYoungGen      total 24064K, used 2208K [0x00000000eab00000, 0x00000000ec500000, 0x0000000100000000)
  eden space 21504K, 0% used [0x00000000eab00000,0x00000000eab00000,0x00000000ec000000)
  from space 2560K, 86% used [0x00000000ec000000,0x00000000ec228010,0x00000000ec280000)
  to   space 2560K, 0% used [0x00000000ec280000,0x00000000ec280000,0x00000000ec500000)
 ParOldGen       total 68608K, used 25970K [0x00000000c0000000, 0x00000000c4300000, 0x00000000eab00000)
  object space 68608K, 37% used [0x00000000c0000000,0x00000000c195c810,0x00000000c4300000)
 Metaspace       used 46821K, committed 47744K, reserved 1114112K
  class space    used 4742K, committed 5120K, reserved 1048576K
}
Event: 45.174 GC heap before
{Heap before GC invocations=24 (full 2):
 PSYoungGen      total 24064K, used 23712K [0x00000000eab00000, 0x00000000ec500000, 0x0000000100000000)
  eden space 21504K, 100% used [0x00000000eab00000,0x00000000ec000000,0x00000000ec000000)
  from space 2560K, 86% used [0x00000000ec000000,0x00000000ec228010,0x00000000ec280000)
  to   space 2560K, 0% used [0x00000000ec280000,0x00000000ec280000,0x00000000ec500000)
 ParOldGen       total 68608K, used 25970K [0x00000000c0000000, 0x00000000c4300000, 0x00000000eab00000)
  object space 68608K, 37% used [0x00000000c0000000,0x00000000c195c810,0x00000000c4300000)
 Metaspace       used 46821K, committed 47744K, reserved 1114112K
  class space    used 4742K, committed 5120K, reserved 1048576K
}
Event: 45.185 GC heap after
{Heap after GC invocations=24 (full 2):
 PSYoungGen      total 24064K, used 2080K [0x00000000eab00000, 0x00000000ec500000, 0x0000000100000000)
  eden space 21504K, 0% used [0x00000000eab00000,0x00000000eab00000,0x00000000ec000000)
  from space 2560K, 81% used [0x00000000ec280000,0x00000000ec488000,0x00000000ec500000)
  to   space 2560K, 0% used [0x00000000ec000000,0x00000000ec000000,0x00000000ec280000)
 ParOldGen       total 68608K, used 28046K [0x00000000c0000000, 0x00000000c4300000, 0x00000000eab00000)
  object space 68608K, 40% used [0x00000000c0000000,0x00000000c1b63aa0,0x00000000c4300000)
 Metaspace       used 46821K, committed 47744K, reserved 1114112K
  class space    used 4742K, committed 5120K, reserved 1048576K
}
Event: 46.792 GC heap before
{Heap before GC invocations=25 (full 2):
 PSYoungGen      total 24064K, used 23584K [0x00000000eab00000, 0x00000000ec500000, 0x0000000100000000)
  eden space 21504K, 100% used [0x00000000eab00000,0x00000000ec000000,0x00000000ec000000)
  from space 2560K, 81% used [0x00000000ec280000,0x00000000ec488000,0x00000000ec500000)
  to   space 2560K, 0% used [0x00000000ec000000,0x00000000ec000000,0x00000000ec280000)
 ParOldGen       total 68608K, used 28046K [0x00000000c0000000, 0x00000000c4300000, 0x00000000eab00000)
  object space 68608K, 40% used [0x00000000c0000000,0x00000000c1b63aa0,0x00000000c4300000)
 Metaspace       used 48274K, committed 49216K, reserved 1114112K
  class space    used 4963K, committed 5376K, reserved 1048576K
}
Event: 46.807 GC heap after
{Heap after GC invocations=25 (full 2):
 PSYoungGen      total 24064K, used 2328K [0x00000000eab00000, 0x00000000ec500000, 0x0000000100000000)
  eden space 21504K, 0% used [0x00000000eab00000,0x00000000eab00000,0x00000000ec000000)
  from space 2560K, 90% used [0x00000000ec000000,0x00000000ec246228,0x00000000ec280000)
  to   space 2560K, 0% used [0x00000000ec280000,0x00000000ec280000,0x00000000ec500000)
 ParOldGen       total 68608K, used 29966K [0x00000000c0000000, 0x00000000c4300000, 0x00000000eab00000)
  object space 68608K, 43% used [0x00000000c0000000,0x00000000c1d43aa0,0x00000000c4300000)
 Metaspace       used 48274K, committed 49216K, reserved 1114112K
  class space    used 4963K, committed 5376K, reserved 1048576K
}
Event: 48.476 GC heap before
{Heap before GC invocations=26 (full 2):
 PSYoungGen      total 24064K, used 23832K [0x00000000eab00000, 0x00000000ec500000, 0x0000000100000000)
  eden space 21504K, 100% used [0x00000000eab00000,0x00000000ec000000,0x00000000ec000000)
  from space 2560K, 90% used [0x00000000ec000000,0x00000000ec246228,0x00000000ec280000)
  to   space 2560K, 0% used [0x00000000ec280000,0x00000000ec280000,0x00000000ec500000)
 ParOldGen       total 68608K, used 29966K [0x00000000c0000000, 0x00000000c4300000, 0x00000000eab00000)
  object space 68608K, 43% used [0x00000000c0000000,0x00000000c1d43aa0,0x00000000c4300000)
 Metaspace       used 49431K, committed 50368K, reserved 1114112K
  class space    used 5065K, committed 5440K, reserved 1048576K
}
Event: 48.494 GC heap after
{Heap after GC invocations=26 (full 2):
 PSYoungGen      total 19456K, used 2529K [0x00000000eab00000, 0x00000000ece00000, 0x0000000100000000)
  eden space 16896K, 0% used [0x00000000eab00000,0x00000000eab00000,0x00000000ebb80000)
  from space 2560K, 98% used [0x00000000ec280000,0x00000000ec4f84f0,0x00000000ec500000)
  to   space 7168K, 0% used [0x00000000ebb80000,0x00000000ebb80000,0x00000000ec280000)
 ParOldGen       total 68608K, used 33832K [0x00000000c0000000, 0x00000000c4300000, 0x00000000eab00000)
  object space 68608K, 49% used [0x00000000c0000000,0x00000000c210a040,0x00000000c4300000)
 Metaspace       used 49431K, committed 50368K, reserved 1114112K
  class space    used 5065K, committed 5440K, reserved 1048576K
}

Dll operation events (10 events):
Event: 0.028 Loaded shared library c:\Users\hp\.vscode\extensions\redhat.java-1.37.0-win32-x64\jre\17.0.13-win32-x86_64\bin\java.dll
Event: 1.049 Loaded shared library c:\Users\hp\.vscode\extensions\redhat.java-1.37.0-win32-x64\jre\17.0.13-win32-x86_64\bin\zip.dll
Event: 1.099 Loaded shared library C:\Users\hp\.vscode\extensions\redhat.java-1.37.0-win32-x64\jre\17.0.13-win32-x86_64\bin\instrument.dll
Event: 1.374 Loaded shared library C:\Users\hp\.vscode\extensions\redhat.java-1.37.0-win32-x64\jre\17.0.13-win32-x86_64\bin\net.dll
Event: 1.394 Loaded shared library C:\Users\hp\.vscode\extensions\redhat.java-1.37.0-win32-x64\jre\17.0.13-win32-x86_64\bin\nio.dll
Event: 1.536 Loaded shared library C:\Users\hp\.vscode\extensions\redhat.java-1.37.0-win32-x64\jre\17.0.13-win32-x86_64\bin\zip.dll
Event: 1.860 Loaded shared library C:\Users\hp\.vscode\extensions\redhat.java-1.37.0-win32-x64\jre\17.0.13-win32-x86_64\bin\jimage.dll
Event: 2.950 Loaded shared library c:\Users\hp\.vscode\extensions\redhat.java-1.37.0-win32-x64\jre\17.0.13-win32-x86_64\bin\verify.dll
Event: 12.066 Loaded shared library C:\Users\hp\AppData\Roaming\Code\User\globalStorage\redhat.java\1.37.0\config_ss_win\org.eclipse.equinox.launcher\org.eclipse.equinox.launcher.win32.win32.x86_64_1.2.1100.v20240722-2106\eclipse_11904.dll
Event: 21.581 Loaded shared library C:\Users\hp\AppData\Local\Temp\jna-3336\jna5560624321107145379.dll

Deoptimization events (20 events):
Event: 47.819 Thread 0x00000192ef2db770 DEOPT PACKING pc=0x00000192ddd7cee8 sp=0x0000008793dfe450
Event: 47.819 Thread 0x00000192ef2db770 DEOPT UNPACKING pc=0x00000192dd8066a3 sp=0x0000008793dfe3e8 mode 2
Event: 47.876 Thread 0x00000192ef2dcbb0 Uncommon trap: trap_request=0xffffff45 fr.pc=0x00000192ddfe713c relative=0x00000000000000bc
Event: 47.876 Thread 0x00000192ef2dcbb0 Uncommon trap: reason=unstable_if action=reinterpret pc=0x00000192ddfe713c method=java.util.Hashtable$Enumerator.nextElement()Ljava/lang/Object; @ 87 c2
Event: 47.876 Thread 0x00000192ef2dcbb0 DEOPT PACKING pc=0x00000192ddfe713c sp=0x0000008792dfefc0
Event: 47.877 Thread 0x00000192ef2dcbb0 DEOPT UNPACKING pc=0x00000192dd8066a3 sp=0x0000008792dfeee8 mode 2
Event: 48.170 Thread 0x00000192ef2dcbb0 Uncommon trap: trap_request=0xffffff45 fr.pc=0x00000192ddfe690c relative=0x000000000000008c
Event: 48.170 Thread 0x00000192ef2dcbb0 Uncommon trap: reason=unstable_if action=reinterpret pc=0x00000192ddfe690c method=java.util.Hashtable$Enumerator.nextElement()Ljava/lang/Object; @ 87 c2
Event: 48.170 Thread 0x00000192ef2dcbb0 DEOPT PACKING pc=0x00000192ddfe690c sp=0x0000008792dfef80
Event: 48.170 Thread 0x00000192ef2dcbb0 DEOPT UNPACKING pc=0x00000192dd8066a3 sp=0x0000008792dfef00 mode 2
Event: 48.208 Thread 0x00000192ef2db770 Uncommon trap: trap_request=0xffffff45 fr.pc=0x00000192ddd79c3c relative=0x00000000000007fc
Event: 48.208 Thread 0x00000192ef2db770 Uncommon trap: reason=unstable_if action=reinterpret pc=0x00000192ddd79c3c method=org.eclipse.jdt.internal.compiler.util.CharDeduplication.sharedCopyOfRange([CII)[C @ 147 c2
Event: 48.208 Thread 0x00000192ef2db770 DEOPT PACKING pc=0x00000192ddd79c3c sp=0x0000008793dfdc20
Event: 48.208 Thread 0x00000192ef2db770 DEOPT UNPACKING pc=0x00000192dd8066a3 sp=0x0000008793dfdbb0 mode 2
Event: 48.314 Thread 0x00000192ef2db770 Uncommon trap: trap_request=0xffffff45 fr.pc=0x00000192dde22cac relative=0x0000000000000aac
Event: 48.314 Thread 0x00000192ef2db770 Uncommon trap: reason=unstable_if action=reinterpret pc=0x00000192dde22cac method=org.eclipse.jdt.internal.compiler.util.CharDeduplication.sharedCopyOfRange([CII)[C @ 147 c2
Event: 48.314 Thread 0x00000192ef2db770 DEOPT PACKING pc=0x00000192dde22cac sp=0x0000008793dfdb10
Event: 48.314 Thread 0x00000192ef2db770 DEOPT UNPACKING pc=0x00000192dd8066a3 sp=0x0000008793dfd9d0 mode 2
Event: 48.452 Thread 0x00000192ef2db770 DEOPT PACKING pc=0x00000192d67e45f2 sp=0x0000008793dfd920
Event: 48.452 Thread 0x00000192ef2db770 DEOPT UNPACKING pc=0x00000192dd806e43 sp=0x0000008793dfcdb0 mode 0

Classes loaded (20 events):
Event: 45.322 Loading class java/util/stream/MatchOps
Event: 45.323 Loading class java/util/stream/MatchOps done
Event: 45.323 Loading class java/util/stream/MatchOps$MatchOp
Event: 45.323 Loading class java/util/stream/MatchOps$MatchOp done
Event: 45.323 Loading class java/util/stream/MatchOps$BooleanTerminalSink
Event: 45.323 Loading class java/util/stream/MatchOps$BooleanTerminalSink done
Event: 45.324 Loading class java/util/stream/MatchOps$1MatchSink
Event: 45.324 Loading class java/util/stream/MatchOps$1MatchSink done
Event: 45.857 Loading class java/util/stream/ReduceOps$4
Event: 45.858 Loading class java/util/stream/ReduceOps$4 done
Event: 45.860 Loading class java/util/stream/ReduceOps$4ReducingSink
Event: 45.861 Loading class java/util/stream/ReduceOps$4ReducingSink done
Event: 47.001 Loading class java/util/Spliterators$IntArraySpliterator
Event: 47.002 Loading class java/util/Spliterators$IntArraySpliterator done
Event: 47.004 Loading class java/util/stream/Nodes$IntSpinedNodeBuilder
Event: 47.005 Loading class java/util/stream/SpinedBuffer$OfInt
Event: 47.006 Loading class java/util/stream/SpinedBuffer$OfPrimitive
Event: 47.007 Loading class java/util/stream/SpinedBuffer$OfPrimitive done
Event: 47.007 Loading class java/util/stream/SpinedBuffer$OfInt done
Event: 47.009 Loading class java/util/stream/Nodes$IntSpinedNodeBuilder done

Classes unloaded (7 events):
Event: 20.024 Thread 0x00000192e7be9c90 Unloading class 0x000000010021b400 'java/lang/invoke/LambdaForm$MH+0x000000010021b400'
Event: 20.024 Thread 0x00000192e7be9c90 Unloading class 0x000000010021b000 'java/lang/invoke/LambdaForm$MH+0x000000010021b000'
Event: 20.024 Thread 0x00000192e7be9c90 Unloading class 0x000000010021ac00 'java/lang/invoke/LambdaForm$MH+0x000000010021ac00'
Event: 20.025 Thread 0x00000192e7be9c90 Unloading class 0x000000010021a800 'java/lang/invoke/LambdaForm$MH+0x000000010021a800'
Event: 20.025 Thread 0x00000192e7be9c90 Unloading class 0x000000010021a400 'java/lang/invoke/LambdaForm$BMH+0x000000010021a400'
Event: 20.025 Thread 0x00000192e7be9c90 Unloading class 0x000000010021a000 'java/lang/invoke/LambdaForm$DMH+0x000000010021a000'
Event: 20.025 Thread 0x00000192e7be9c90 Unloading class 0x0000000100211400 'java/lang/invoke/LambdaForm$DMH+0x0000000100211400'

Classes redefined (0 events):
No events

Internal exceptions (20 events):
Event: 42.073 Thread 0x00000192ef2e0360 Exception <a 'java/lang/LinkageError'{0x00000000eb7101d0}: loader lombok.launch.ShadowClassLoader @7e401f5b attempted duplicate class definition for lombok.launch.PatchFixesHider$PatchFixes. (lombok.launch.PatchFixesHider$PatchFixes is in unnamed module of loader lombok.launch.ShadowClassLoader @7e401f5b, parent loader org.eclipse.osgi.internal.loader.EquinoxClassLoader @57652901)> (0x00000000eb7101d0) 
thrown [s\src\hotspot\share\classfile\systemDictionary.cpp, line 1723]
Event: 42.075 Thread 0x00000192ef2db770 Exception <a 'java/lang/LinkageError'{0x00000000eb7222c8}: loader lombok.launch.ShadowClassLoader @7e401f5b attempted duplicate class definition for lombok.launch.PatchFixesHider$PatchFixes. (lombok.launch.PatchFixesHider$PatchFixes is in unnamed module of loader lombok.launch.ShadowClassLoader @7e401f5b, parent loader org.eclipse.osgi.internal.loader.EquinoxClassLoader @57652901)> (0x00000000eb7222c8) 
thrown [s\src\hotspot\share\classfile\systemDictionary.cpp, line 1723]
Event: 42.077 Thread 0x00000192ef2dfe50 Exception <a 'java/lang/LinkageError'{0x00000000eb5f93b8}: loader lombok.launch.ShadowClassLoader @7e401f5b attempted duplicate class definition for lombok.launch.PatchFixesHider$PatchFixes. (lombok.launch.PatchFixesHider$PatchFixes is in unnamed module of loader lombok.launch.ShadowClassLoader @7e401f5b, parent loader org.eclipse.osgi.internal.loader.EquinoxClassLoader @57652901)> (0x00000000eb5f93b8) 
thrown [s\src\hotspot\share\classfile\systemDictionary.cpp, line 1723]
Event: 42.123 Thread 0x00000192ef2e1290 Exception <a 'java/lang/LinkageError'{0x00000000eb76b6c8}: loader lombok.launch.ShadowClassLoader @7e401f5b attempted duplicate class definition for lombok.launch.PatchFixesHider$PatchFixes. (lombok.launch.PatchFixesHider$PatchFixes is in unnamed module of loader lombok.launch.ShadowClassLoader @7e401f5b, parent loader org.eclipse.osgi.internal.loader.EquinoxClassLoader @57652901)> (0x00000000eb76b6c8) 
thrown [s\src\hotspot\share\classfile\systemDictionary.cpp, line 1723]
Event: 43.741 Thread 0x00000192ef2dd0c0 Exception <a 'java/lang/ClassNotFoundException'{0x00000000eacea950}: sun/util/logging/resources/spi/loggingProvider> (0x00000000eacea950) 
thrown [s\src\hotspot\share\classfile\systemDictionary.cpp, line 256]
Event: 43.831 Thread 0x00000192ef2dcbb0 Exception <a 'java/lang/NoSuchMethodError'{0x00000000ead9ad40}: 'java.lang.Object java.lang.invoke.DirectMethodHandle$Holder.invokeSpecial(java.lang.Object, java.lang.Object, int, long)'> (0x00000000ead9ad40) 
thrown [s\src\hotspot\share\interpreter\linkResolver.cpp, line 759]
Event: 45.319 Thread 0x00000192ef2e0360 Exception <a 'java/lang/NoSuchMethodError'{0x00000000eb2aa780}: 'int java.lang.invoke.DirectMethodHandle$Holder.invokeInterface(java.lang.Object, java.lang.Object)'> (0x00000000eb2aa780) 
thrown [s\src\hotspot\share\interpreter\linkResolver.cpp, line 759]
Event: 45.321 Thread 0x00000192ef2e0360 Exception <a 'java/lang/IncompatibleClassChangeError'{0x00000000eb2add10}: Found class java.lang.Object, but interface was expected> (0x00000000eb2add10) 
thrown [s\src\hotspot\share\interpreter\linkResolver.cpp, line 826]
Event: 45.727 Thread 0x00000192ef2dcbb0 Exception <a 'java/lang/NoSuchMethodError'{0x00000000eb79d3a0}: 'int java.lang.invoke.DirectMethodHandle$Holder.invokeStatic(java.lang.Object, java.lang.Object, java.lang.Object, int)'> (0x00000000eb79d3a0) 
thrown [s\src\hotspot\share\interpreter\linkResolver.cpp, line 759]
Event: 45.893 Thread 0x00000192ef2e0360 Exception <a 'java/lang/NoSuchMethodError'{0x00000000eb9eb5a8}: 'int java.lang.invoke.DirectMethodHandle$Holder.invokeSpecialIFC(java.lang.Object, java.lang.Object, java.lang.Object)'> (0x00000000eb9eb5a8) 
thrown [s\src\hotspot\share\interpreter\linkResolver.cpp, line 759]
Event: 45.893 Thread 0x00000192ef2dcbb0 Exception <a 'java/lang/NoSuchMethodError'{0x00000000eb9b9630}: 'int java.lang.invoke.DirectMethodHandle$Holder.invokeSpecialIFC(java.lang.Object, java.lang.Object, java.lang.Object)'> (0x00000000eb9b9630) 
thrown [s\src\hotspot\share\interpreter\linkResolver.cpp, line 759]
Event: 45.976 Thread 0x00000192ef2db770 Exception <a 'java/lang/ArrayIndexOutOfBoundsException'{0x00000000eba88f60}: Index 1775 out of bounds for length 1775> (0x00000000eba88f60) 
thrown [s\src\hotspot\share\interpreter\interpreterRuntime.cpp, line 428]
Event: 46.129 Thread 0x00000192ef2db770 Exception <a 'java/io/FileNotFoundException'{0x00000000ebd128d8}> (0x00000000ebd128d8) 
thrown [s\src\hotspot\share\prims\jni.cpp, line 516]
Event: 46.129 Thread 0x00000192ef2e0360 Exception <a 'java/io/FileNotFoundException'{0x00000000ebca27b8}> (0x00000000ebca27b8) 
thrown [s\src\hotspot\share\prims\jni.cpp, line 516]
Event: 46.140 Thread 0x00000192ef2db770 Exception <a 'java/lang/LinkageError'{0x00000000ebd32ad0}: loader lombok.launch.ShadowClassLoader @34687478 attempted duplicate class definition for lombok.launch.PatchFixesHider$Delegate. (lombok.launch.PatchFixesHider$Delegate is in unnamed module of loader lombok.launch.ShadowClassLoader @34687478, parent loader org.eclipse.osgi.internal.loader.EquinoxClassLoader @3c953cc2)> (0x00000000ebd32ad0) 
thrown [s\src\hotspot\share\classfile\systemDictionary.cpp, line 1723]
Event: 47.411 Thread 0x00000192ef2db770 Exception <a 'java/lang/ArrayIndexOutOfBoundsException'{0x00000000eaec4628}: Index 1775 out of bounds for length 1775> (0x00000000eaec4628) 
thrown [s\src\hotspot\share\interpreter\interpreterRuntime.cpp, line 428]
Event: 47.777 Thread 0x00000192ef2dcbb0 Exception <a 'java/lang/NoSuchMethodError'{0x00000000eb085ee0}: 'int java.lang.invoke.DirectMethodHandle$Holder.invokeStatic(java.lang.Object, int, java.lang.Object)'> (0x00000000eb085ee0) 
thrown [s\src\hotspot\share\interpreter\linkResolver.cpp, line 759]
Event: 47.930 Thread 0x00000192ef2dcbb0 Exception <a 'java/io/FileNotFoundException'{0x00000000eb2ea7b0}> (0x00000000eb2ea7b0) 
thrown [s\src\hotspot\share\prims\jni.cpp, line 516]
Event: 47.932 Thread 0x00000192ef2dcbb0 Exception <a 'java/io/FileNotFoundException'{0x00000000eb2eb798}> (0x00000000eb2eb798) 
thrown [s\src\hotspot\share\prims\jni.cpp, line 516]
Event: 47.934 Thread 0x00000192ef2dcbb0 Exception <a 'java/io/FileNotFoundException'{0x00000000eb2ec4f8}> (0x00000000eb2ec4f8) 
thrown [s\src\hotspot\share\prims\jni.cpp, line 516]

VM Operations (20 events):
Event: 45.859 Executing VM operation: HandshakeAllThreads
Event: 45.859 Executing VM operation: HandshakeAllThreads done
Event: 45.872 Executing VM operation: HandshakeAllThreads
Event: 45.873 Executing VM operation: HandshakeAllThreads done
Event: 45.906 Executing VM operation: HandshakeAllThreads
Event: 45.923 Executing VM operation: HandshakeAllThreads done
Event: 45.954 Executing VM operation: HandshakeAllThreads
Event: 45.954 Executing VM operation: HandshakeAllThreads done
Event: 46.056 Executing VM operation: HandshakeAllThreads
Event: 46.057 Executing VM operation: HandshakeAllThreads done
Event: 46.753 Executing VM operation: ParallelGCFailedAllocation
Event: 46.807 Executing VM operation: ParallelGCFailedAllocation done
Event: 46.830 Executing VM operation: HandshakeAllThreads
Event: 46.848 Executing VM operation: HandshakeAllThreads done
Event: 47.008 Executing VM operation: HandshakeAllThreads
Event: 47.008 Executing VM operation: HandshakeAllThreads done
Event: 48.021 Executing VM operation: Cleanup
Event: 48.022 Executing VM operation: Cleanup done
Event: 48.475 Executing VM operation: ParallelGCFailedAllocation
Event: 48.494 Executing VM operation: ParallelGCFailedAllocation done

Memory protections (0 events):
No events

Nmethod flushes (20 events):
Event: 45.943 Thread 0x00000192ecf99ce0 flushing  nmethod 0x00000192d6c0d790
Event: 45.943 Thread 0x00000192ecf99ce0 flushing  nmethod 0x00000192d6c0e110
Event: 45.943 Thread 0x00000192ecf99ce0 flushing  nmethod 0x00000192d6c0f310
Event: 45.943 Thread 0x00000192ecf99ce0 flushing  nmethod 0x00000192d6c1bc10
Event: 45.943 Thread 0x00000192ecf99ce0 flushing  nmethod 0x00000192d6c1e090
Event: 45.944 Thread 0x00000192ecf99ce0 flushing  nmethod 0x00000192d6c64890
Event: 45.944 Thread 0x00000192ecf99ce0 flushing  nmethod 0x00000192d6c84b90
Event: 45.944 Thread 0x00000192ecf99ce0 flushing  nmethod 0x00000192d6c85c90
Event: 45.944 Thread 0x00000192ecf99ce0 flushing  nmethod 0x00000192d6c86690
Event: 45.944 Thread 0x00000192ecf99ce0 flushing  nmethod 0x00000192d6c86e10
Event: 45.944 Thread 0x00000192ecf99ce0 flushing  nmethod 0x00000192d6c87710
Event: 45.944 Thread 0x00000192ecf99ce0 flushing  nmethod 0x00000192d6c8ec90
Event: 45.944 Thread 0x00000192ecf99ce0 flushing  nmethod 0x00000192d6cc5f90
Event: 45.944 Thread 0x00000192ecf99ce0 flushing  nmethod 0x00000192d6cdd490
Event: 45.944 Thread 0x00000192ecf99ce0 flushing  nmethod 0x00000192d6ce6210
Event: 45.944 Thread 0x00000192ecf99ce0 flushing  nmethod 0x00000192d6ce7a10
Event: 45.945 Thread 0x00000192ecf99ce0 flushing  nmethod 0x00000192d6cf3010
Event: 45.945 Thread 0x00000192ecf99ce0 flushing  nmethod 0x00000192d6d46490
Event: 45.945 Thread 0x00000192ecf99ce0 flushing  nmethod 0x00000192d6d46a10
Event: 45.945 Thread 0x00000192ecf99ce0 flushing  nmethod 0x00000192d6d55a10

Events (20 events):
Event: 29.727 Thread 0x00000192ef2dd0c0 Thread added: 0x00000192ef2dfe50
Event: 29.734 Thread 0x00000192ef2dfe50 Thread added: 0x00000192ef2e0360
Event: 29.833 Thread 0x00000192ef2e0360 Thread added: 0x00000192ef2e1290
Event: 29.978 Thread 0x00000192ef2e1290 Thread added: 0x00000192ef2da840
Event: 29.988 Thread 0x00000192ef2da840 Thread added: 0x00000192ef2db770
Event: 30.008 Thread 0x00000192ef2db770 Thread added: 0x00000192ef2dbc80
Event: 30.080 Thread 0x00000192ef2dbc80 Thread added: 0x00000192ef2dc190
Event: 30.308 Thread 0x00000192ecf8f7c0 Thread added: 0x00000192ef5576d0
Event: 31.223 Thread 0x00000192ef5576d0 Thread exited: 0x00000192ef5576d0
Event: 31.388 Thread 0x00000192ecf8f7c0 Thread added: 0x00000192ef5576d0
Event: 33.974 Thread 0x00000192ef5576d0 Thread exited: 0x00000192ef5576d0
Event: 34.957 Thread 0x00000192ecf8f7c0 Thread added: 0x00000192ef5576d0
Event: 35.498 Thread 0x00000192ef5576d0 Thread exited: 0x00000192ef5576d0
Event: 35.812 Thread 0x00000192ecf8f7c0 Thread added: 0x00000192ef5576d0
Event: 39.345 Thread 0x00000192ef5576d0 Thread exited: 0x00000192ef5576d0
Event: 41.759 Thread 0x00000192ecf8f7c0 Thread added: 0x00000192ef5576d0
Event: 42.014 Thread 0x00000192ef5576d0 Thread exited: 0x00000192ef5576d0
Event: 43.062 Thread 0x00000192ecf8f7c0 Thread added: 0x00000192ef5576d0
Event: 47.799 Thread 0x00000192ef5576d0 Thread exited: 0x00000192ef5576d0
Event: 47.827 Thread 0x00000192ecf8f7c0 Thread added: 0x00000192ef5576d0


Dynamic libraries:
0x00007ff6ff450000 - 0x00007ff6ff45e000 	c:\Users\hp\.vscode\extensions\redhat.java-1.37.0-win32-x64\jre\17.0.13-win32-x86_64\bin\java.exe
0x00007ff9f7a30000 - 0x00007ff9f7c28000 	C:\WINDOWS\SYSTEM32\ntdll.dll
0x00007ff9f5db0000 - 0x00007ff9f5e72000 	C:\WINDOWS\System32\KERNEL32.DLL
0x00007ff9f53e0000 - 0x00007ff9f56de000 	C:\WINDOWS\System32\KERNELBASE.dll
0x00007ff9f5230000 - 0x00007ff9f5330000 	C:\WINDOWS\System32\ucrtbase.dll
0x00007ff9ed0a0000 - 0x00007ff9ed0b7000 	c:\Users\hp\.vscode\extensions\redhat.java-1.37.0-win32-x64\jre\17.0.13-win32-x86_64\bin\jli.dll
0x00007ff9f6330000 - 0x00007ff9f64cd000 	C:\WINDOWS\System32\USER32.dll
0x00007ff9f5710000 - 0x00007ff9f5732000 	C:\WINDOWS\System32\win32u.dll
0x00007ff9f7780000 - 0x00007ff9f77ab000 	C:\WINDOWS\System32\GDI32.dll
0x00007ff9f5800000 - 0x00007ff9f5917000 	C:\WINDOWS\System32\gdi32full.dll
0x00007ff9f5920000 - 0x00007ff9f59bd000 	C:\WINDOWS\System32\msvcp_win.dll
0x00007ff9ed080000 - 0x00007ff9ed09e000 	c:\Users\hp\.vscode\extensions\redhat.java-1.37.0-win32-x64\jre\17.0.13-win32-x86_64\bin\VCRUNTIME140.dll
0x00007ff9e0ce0000 - 0x00007ff9e0f7a000 	C:\WINDOWS\WinSxS\amd64_microsoft.windows.common-controls_6595b64144ccf1df_6.0.19041.4355_none_60b8b9eb71f62e16\COMCTL32.dll
0x00007ff9f64d0000 - 0x00007ff9f656e000 	C:\WINDOWS\System32\msvcrt.dll
0x00007ff9f6070000 - 0x00007ff9f609f000 	C:\WINDOWS\System32\IMM32.DLL
0x00007ff9f2180000 - 0x00007ff9f218c000 	c:\Users\hp\.vscode\extensions\redhat.java-1.37.0-win32-x64\jre\17.0.13-win32-x86_64\bin\vcruntime140_1.dll
0x00007ff99f140000 - 0x00007ff99f1cd000 	c:\Users\hp\.vscode\extensions\redhat.java-1.37.0-win32-x64\jre\17.0.13-win32-x86_64\bin\msvcp140.dll
0x00007ff99e4d0000 - 0x00007ff99f13b000 	c:\Users\hp\.vscode\extensions\redhat.java-1.37.0-win32-x64\jre\17.0.13-win32-x86_64\bin\server\jvm.dll
0x00007ff9f61c0000 - 0x00007ff9f6271000 	C:\WINDOWS\System32\ADVAPI32.dll
0x00007ff9f7680000 - 0x00007ff9f771f000 	C:\WINDOWS\System32\sechost.dll
0x00007ff9f6b00000 - 0x00007ff9f6c23000 	C:\WINDOWS\System32\RPCRT4.dll
0x00007ff9f56e0000 - 0x00007ff9f5707000 	C:\WINDOWS\System32\bcrypt.dll
0x00007ff9f6570000 - 0x00007ff9f65db000 	C:\WINDOWS\System32\WS2_32.dll
0x00007ff9f4620000 - 0x00007ff9f466b000 	C:\WINDOWS\SYSTEM32\POWRPROF.dll
0x00007ff9de9c0000 - 0x00007ff9de9e7000 	C:\WINDOWS\SYSTEM32\WINMM.dll
0x00007ff9ee3e0000 - 0x00007ff9ee3ea000 	C:\WINDOWS\SYSTEM32\VERSION.dll
0x00007ff9f4490000 - 0x00007ff9f44a2000 	C:\WINDOWS\SYSTEM32\UMPDC.dll
0x00007ff9f38b0000 - 0x00007ff9f38c2000 	C:\WINDOWS\SYSTEM32\kernel.appcore.dll
0x00007ff9ed070000 - 0x00007ff9ed07a000 	c:\Users\hp\.vscode\extensions\redhat.java-1.37.0-win32-x64\jre\17.0.13-win32-x86_64\bin\jimage.dll
0x00007ff9f2d90000 - 0x00007ff9f2f74000 	C:\WINDOWS\SYSTEM32\DBGHELP.DLL
0x00007ff9d8b40000 - 0x00007ff9d8b74000 	C:\WINDOWS\SYSTEM32\dbgcore.DLL
0x00007ff9f59c0000 - 0x00007ff9f5a42000 	C:\WINDOWS\System32\bcryptPrimitives.dll
0x00007ff9e3270000 - 0x00007ff9e327e000 	c:\Users\hp\.vscode\extensions\redhat.java-1.37.0-win32-x64\jre\17.0.13-win32-x86_64\bin\instrument.dll
0x00007ff9e3fb0000 - 0x00007ff9e3fd5000 	c:\Users\hp\.vscode\extensions\redhat.java-1.37.0-win32-x64\jre\17.0.13-win32-x86_64\bin\java.dll
0x00007ff9ed050000 - 0x00007ff9ed068000 	c:\Users\hp\.vscode\extensions\redhat.java-1.37.0-win32-x64\jre\17.0.13-win32-x86_64\bin\zip.dll
0x00007ff9f6f10000 - 0x00007ff9f767d000 	C:\WINDOWS\System32\SHELL32.dll
0x00007ff9f2f80000 - 0x00007ff9f3724000 	C:\WINDOWS\SYSTEM32\windows.storage.dll
0x00007ff9f5a50000 - 0x00007ff9f5da3000 	C:\WINDOWS\System32\combase.dll
0x00007ff9f4b00000 - 0x00007ff9f4b2e000 	C:\WINDOWS\SYSTEM32\Wldp.dll
0x00007ff9f6e40000 - 0x00007ff9f6f0d000 	C:\WINDOWS\System32\OLEAUT32.dll
0x00007ff9f5e80000 - 0x00007ff9f5f2d000 	C:\WINDOWS\System32\SHCORE.dll
0x00007ff9f6d70000 - 0x00007ff9f6dc5000 	C:\WINDOWS\System32\shlwapi.dll
0x00007ff9f5000000 - 0x00007ff9f5024000 	C:\WINDOWS\SYSTEM32\profapi.dll
0x00007ff9e3f90000 - 0x00007ff9e3fa9000 	C:\Users\hp\.vscode\extensions\redhat.java-1.37.0-win32-x64\jre\17.0.13-win32-x86_64\bin\net.dll
0x00007ff9ec7e0000 - 0x00007ff9ec8ed000 	C:\WINDOWS\SYSTEM32\WINHTTP.dll
0x00007ff9f4810000 - 0x00007ff9f487a000 	C:\WINDOWS\system32\mswsock.dll
0x00007ff9e3280000 - 0x00007ff9e3296000 	C:\Users\hp\.vscode\extensions\redhat.java-1.37.0-win32-x64\jre\17.0.13-win32-x86_64\bin\nio.dll
0x00007ff9ecd40000 - 0x00007ff9ecd50000 	c:\Users\hp\.vscode\extensions\redhat.java-1.37.0-win32-x64\jre\17.0.13-win32-x86_64\bin\verify.dll
0x00007ff9cc8b0000 - 0x00007ff9cc8f5000 	C:\Users\hp\AppData\Roaming\Code\User\globalStorage\redhat.java\1.37.0\config_ss_win\org.eclipse.equinox.launcher\org.eclipse.equinox.launcher.win32.win32.x86_64_1.2.1100.v20240722-2106\eclipse_11904.dll
0x00007ff9f5f30000 - 0x00007ff9f605b000 	C:\WINDOWS\System32\ole32.dll
0x00007ff9f49c0000 - 0x00007ff9f49d8000 	C:\WINDOWS\SYSTEM32\CRYPTSP.dll
0x00007ff9f40d0000 - 0x00007ff9f4104000 	C:\WINDOWS\system32\rsaenh.dll
0x00007ff9f4fc0000 - 0x00007ff9f4fee000 	C:\WINDOWS\SYSTEM32\USERENV.dll
0x00007ff9f49e0000 - 0x00007ff9f49ec000 	C:\WINDOWS\SYSTEM32\CRYPTBASE.dll
0x00007ff9f44b0000 - 0x00007ff9f44eb000 	C:\WINDOWS\SYSTEM32\IPHLPAPI.DLL
0x00007ff9f6060000 - 0x00007ff9f6068000 	C:\WINDOWS\System32\NSI.dll
0x00007ff9ed8b0000 - 0x00007ff9ed8c7000 	C:\WINDOWS\SYSTEM32\dhcpcsvc6.DLL
0x00007ff9ed690000 - 0x00007ff9ed6ad000 	C:\WINDOWS\SYSTEM32\dhcpcsvc.DLL
0x00007ff9f4500000 - 0x00007ff9f45ca000 	C:\WINDOWS\SYSTEM32\DNSAPI.dll
0x00007ff9cabf0000 - 0x00007ff9cac39000 	C:\Users\hp\AppData\Local\Temp\jna-3336\jna5560624321107145379.dll
0x00007ff9f6af0000 - 0x00007ff9f6af8000 	C:\WINDOWS\System32\PSAPI.DLL

dbghelp: loaded successfully - version: 4.0.5 - missing functions: none
symbol engine: initialized successfully - sym options: 0x614 - pdb path: .;c:\Users\hp\.vscode\extensions\redhat.java-1.37.0-win32-x64\jre\17.0.13-win32-x86_64\bin;C:\WINDOWS\SYSTEM32;C:\WINDOWS\WinSxS\amd64_microsoft.windows.common-controls_6595b64144ccf1df_6.0.19041.4355_none_60b8b9eb71f62e16;c:\Users\hp\.vscode\extensions\redhat.java-1.37.0-win32-x64\jre\17.0.13-win32-x86_64\bin\server;C:\Users\hp\AppData\Roaming\Code\User\globalStorage\redhat.java\1.37.0\config_ss_win\org.eclipse.equinox.launcher\org.eclipse.equinox.launcher.win32.win32.x86_64_1.2.1100.v20240722-2106;C:\Users\hp\AppData\Local\Temp\jna-3336

VM Arguments:
jvm_args: --add-modules=ALL-SYSTEM --add-opens=java.base/java.util=ALL-UNNAMED --add-opens=java.base/java.lang=ALL-UNNAMED --add-opens=java.base/sun.nio.fs=ALL-UNNAMED -Declipse.application=org.eclipse.jdt.ls.core.id1 -Dosgi.bundles.defaultStartLevel=4 -Declipse.product=org.eclipse.jdt.ls.core.product -Djava.import.generatesMetadataFilesAtProjectRoot=false -DDetectVMInstallationsJob.disabled=true -Dfile.encoding=utf8 -XX:+UseParallelGC -XX:GCTimeRatio=4 -XX:AdaptiveSizePolicyWeight=90 -Dsun.zip.disableMemoryMapping=true -Xmx1G -Xms100m -Xlog:disable -javaagent:c:\Users\hp\.vscode\extensions\redhat.java-1.37.0-win32-x64\lombok\lombok-1.18.34.jar 
java_command: c:\Users\hp\.vscode\extensions\redhat.java-1.37.0-win32-x64\server\plugins\org.eclipse.equinox.launcher_1.6.900.v20240613-2009.jar -configuration c:\Users\hp\AppData\Roaming\Code\User\globalStorage\redhat.java\1.37.0\config_ss_win -data c:\Users\hp\AppData\Roaming\Code\User\workspaceStorage\da034aa1438d541f4866f63af0664736\redhat.java\ss_ws --pipe=\\.\pipe\lsp-0af68d21b6b1a6c2297f6ebeee2b7413-sock
java_class_path (initial): c:\Users\hp\.vscode\extensions\redhat.java-1.37.0-win32-x64\server\plugins\org.eclipse.equinox.launcher_1.6.900.v20240613-2009.jar
Launcher Type: SUN_STANDARD

[Global flags]
    uintx AdaptiveSizePolicyWeight                 = 90                                        {product} {command line}
     intx CICompilerCount                          = 4                                         {product} {ergonomic}
    uintx GCTimeRatio                              = 4                                         {product} {command line}
   size_t InitialHeapSize                          = 104857600                                 {product} {command line}
   size_t MaxHeapSize                              = 1073741824                                {product} {command line}
   size_t MaxNewSize                               = 357564416                                 {product} {ergonomic}
   size_t MinHeapDeltaBytes                        = 524288                                    {product} {ergonomic}
   size_t MinHeapSize                              = 104857600                                 {product} {command line}
   size_t NewSize                                  = 34603008                                  {product} {ergonomic}
    uintx NonNMethodCodeHeapSize                   = 5839372                                {pd product} {ergonomic}
    uintx NonProfiledCodeHeapSize                  = 122909434                              {pd product} {ergonomic}
   size_t OldSize                                  = 70254592                                  {product} {ergonomic}
    uintx ProfiledCodeHeapSize                     = 122909434                              {pd product} {ergonomic}
    uintx ReservedCodeCacheSize                    = 251658240                              {pd product} {ergonomic}
     bool SegmentedCodeCache                       = true                                      {product} {ergonomic}
   size_t SoftMaxHeapSize                          = 1073741824                             {manageable} {ergonomic}
     bool UseCompressedClassPointers               = true                           {product lp64_product} {ergonomic}
     bool UseCompressedOops                        = true                           {product lp64_product} {ergonomic}
     bool UseLargePagesIndividualAllocation        = false                                  {pd product} {ergonomic}
     bool UseParallelGC                            = true                                      {product} {command line}

Logging:
Log output configuration:
 #0: stdout all=off uptime,level,tags
 #1: stderr all=off uptime,level,tags

Environment Variables:
JAVA_HOME=C:\Program Files\Java\jdk-21
CLASSPATH=C:\sqljdbc_12.6\enu\jars\mssql-jdbc-12.6.1.jre11.jar
PATH=C:\Python312\Scripts\;C:\Python312\;C:\Program Files (x86)\Intel\Intel(R) Management Engine Components\iCLS\;C:\Program Files\Intel\Intel(R) Management Engine Components\iCLS\;C:\windows\system32;C:\windows;C:\windows\System32\Wbem;C:\windows\System32\WindowsPowerShell\v1.0\;C:\windows\System32\OpenSSH\;C:\Program Files (x86)\Intel\Intel(R) Management Engine Components\DAL;C:\Program Files\Intel\Intel(R) Management Engine Components\DAL;C:\Program Files (x86)\NVIDIA Corporation\PhysX\Common;C:\WINDOWS\system32;C:\WINDOWS;C:\WINDOWS\System32\Wbem;C:\WINDOWS\System32\WindowsPowerShell\v1.0\;C:\WINDOWS\System32\OpenSSH\;C:\Program Files (x86)\ZeroTier\One\;C:\xampp\php;C:\gradle-8.10.2\bin;C:\MinGW\bin;C:\Program Files (x86)\Microsoft SQL Server\160\Tools\Binn\;C:\Program Files\Microsoft SQL Server\160\Tools\Binn\;C:\Program Files\Microsoft SQL Server\Client SDK\ODBC\170\Tools\Binn\;C:\Program Files\Microsoft SQL Server\160\DTS\Binn\;C:\Program Files\Azure Data Studio\bin;D:\Git\cmd;C:\Program Files\Java\jdk-21\bin;D:\NodeJs\;C:\ProgramData\chocolatey\bin;C:\Program Files\Cloudflare\Cloudflare WARP\;C:\Users\hp\AppData\Local\Programs\Microsoft VS Code\bin;C:\MinGW\bin;C:\Program Files\Azure Data Studio\bin;C:\Program Files\Java\jdk-21;C:\Users\hp\AppData\Roaming\npm
USERNAME=hp
OS=Windows_NT
PROCESSOR_IDENTIFIER=Intel64 Family 6 Model 142 Stepping 10, GenuineIntel
TMP=C:\Users\hp\AppData\Local\Temp
TEMP=C:\Users\hp\AppData\Local\Temp



Periodic native trim disabled


---------------  S Y S T E M  ---------------

OS:
 Windows 10 , 64 bit Build 19041 (10.0.19041.5198)
OS uptime: 0 days 6:05 hours
Hyper-V role detected

CPU: total 8 (initial active 8) (4 cores per cpu, 2 threads per core) family 6 model 142 stepping 10 microcode 0xea, cx8, cmov, fxsr, ht, mmx, 3dnowpref, sse, sse2, sse3, ssse3, sse4.1, sse4.2, popcnt, lzcnt, tsc, tscinvbit, avx, avx2, aes, erms, clmul, bmi1, bmi2, adx, fma, vzeroupper, clflush, clflushopt, hv
Processor Information for all 8 processors :
  Max Mhz: 1992, Current Mhz: 1494, Mhz Limit: 1792

Memory: 4k page, system-wide physical 8026M (461M free)
TotalPageFile size 15026M (AvailPageFile size 5M)
current process WorkingSet (physical memory assigned to process): 218M, peak: 219M
current process commit charge ("private bytes"): 301M, peak: 302M

vm_info: OpenJDK 64-Bit Server VM (17.0.13+11) for windows-amd64 JRE (17.0.13+11), built on Oct 16 2024 00:10:08 by "admin" with MS VC++ 17.7 (VS2022)

END.
