#
# There is insufficient memory for the Java Runtime Environment to continue.
# Native memory allocation (mmap) failed to map 132120576 bytes for G1 virtual space
# Possible reasons:
#   The system is out of physical RAM or swap space
#   The process is running with CompressedOops enabled, and the Java Heap may be blocking the growth of the native heap
# Possible solutions:
#   Reduce memory load on the system
#   Increase physical memory or swap space
#   Check if swap backing store is full
#   Decrease Java heap size (-Xmx/-Xms)
#   Decrease number of Java threads
#   Decrease Java thread stack sizes (-Xss)
#   Set larger code cache with -XX:ReservedCodeCacheSize=
#   JVM is running with Unscaled Compressed Oops mode in which the Java heap is
#     placed in the first 4GB address space. The Java Heap base address is the
#     maximum limit for the native heap growth. Please use -XX:HeapBaseMinAddress
#     to set the Java Heap base and to place the Java Heap above 4GB virtual address.
# This output file may be truncated or incomplete.
#
#  Out of Memory Error (os_windows.cpp:3600), pid=6792, tid=3980
#
# JRE version:  (21.0.5+9) (build )
# Java VM: Java HotSpot(TM) 64-Bit Server VM (21.0.5+9-LTS-239, mixed mode, sharing, tiered, compressed oops, compressed class ptrs, g1 gc, windows-amd64)
# No core dump will be written. Minidumps are not enabled by default on client versions of Windows
#

---------------  S U M M A R Y ------------

Command Line: -Dnet.bytebuddy.agent.attacher.dump= net.bytebuddy.agent.Attacher com.sun.tools.attach.VirtualMachine 15740 C:\Users\hp\.gradle\caches\modules-2\files-2.1\net.bytebuddy\byte-buddy-agent\1.14.19\154da3a65b4f4a909d3e5bdec55d1b2b4cbb6ce1\byte-buddy-agent-1.14.19.jar false 

Host: Intel(R) Core(TM) i7-8550U CPU @ 1.80GHz, 8 cores, 7G,  Windows 10 , 64 bit Build 19041 (10.0.19041.5072)
Time: Sat Nov 23 14:56:01 2024 SE Asia Standard Time elapsed time: 0.043102 seconds (0d 0h 0m 0s)

---------------  T H R E A D  ---------------

Current thread (0x0000028e4a9e3970):  JavaThread "Unknown thread" [_thread_in_vm, id=3980, stack(0x000000f1c2900000,0x000000f1c2a00000) (1024K)]

Stack: [0x000000f1c2900000,0x000000f1c2a00000]
Native frames: (J=compiled Java code, j=interpreted, Vv=VM code, C=native code)
V  [jvm.dll+0x6ca289]
V  [jvm.dll+0x854a51]
V  [jvm.dll+0x856f7e]
V  [jvm.dll+0x857653]
V  [jvm.dll+0x27dd26]
V  [jvm.dll+0x6c6a25]
V  [jvm.dll+0x6bb5aa]
V  [jvm.dll+0x35359a]
V  [jvm.dll+0x35b1f6]
V  [jvm.dll+0x3adade]
V  [jvm.dll+0x3add88]
V  [jvm.dll+0x3278fc]
V  [jvm.dll+0x32845b]
V  [jvm.dll+0x81de19]
V  [jvm.dll+0x3ba7c1]
V  [jvm.dll+0x807168]
V  [jvm.dll+0x44f96e]
V  [jvm.dll+0x451561]
C  [jli.dll+0x52a3]
C  [ucrtbase.dll+0x21bb2]
C  [KERNEL32.DLL+0x17374]
C  [ntdll.dll+0x4cc91]


---------------  P R O C E S S  ---------------

Threads class SMR info:
_java_thread_list=0x00007ffc2fb9ac08, length=0, elements={
}

Java Threads: ( => current thread )
Total: 0

Other Threads:
  0x0000028e4aa31650 WorkerThread "GC Thread#0"                     [id=4456, stack(0x000000f1c2a00000,0x000000f1c2b00000) (1024K)]
  0x0000028e4aa421e0 ConcurrentGCThread "G1 Main Marker"            [id=6712, stack(0x000000f1c2b00000,0x000000f1c2c00000) (1024K)]
  0x0000028e4aa43380 WorkerThread "G1 Conc#0"                       [id=16580, stack(0x000000f1c2c00000,0x000000f1c2d00000) (1024K)]

[error occurred during error reporting (printing all threads), id 0xc0000005, EXCEPTION_ACCESS_VIOLATION (0xc0000005) at pc=0x00007ffc2f30a087]
VM state: not at safepoint (not fully initialized)

VM Mutex/Monitor currently owned by a thread:  ([mutex/lock_event])
[0x00007ffc2fc0bf98] Heap_lock - owner thread: 0x0000028e4a9e3970

Heap address: 0x0000000082800000, size: 2008 MB, Compressed Oops mode: 32-bit

CDS archive(s) mapped at: [0x0000000000000000-0x0000000000000000-0x0000000000000000), size 0, SharedBaseAddress: 0x0000000800000000, ArchiveRelocationMode: 1.
Narrow klass base: 0x0000000000000000, Narrow klass shift: 0, Narrow klass range: 0x0

GC Precious Log:
 CardTable entry size: 512
 Card Set container configuration: InlinePtr #cards 5 size 8 Array Of Cards #cards 12 size 40 Howl #buckets 4 coarsen threshold 1843 Howl Bitmap #cards 512 size 80 coarsen threshold 460 Card regions per heap region 1 cards per card region 2048

Heap:
 garbage-first heap   total 0K, used 0K [0x0000000082800000, 0x0000000100000000)
  region size 1024K, 0 young (0K), 0 survivors (0K)

[error occurred during error reporting (printing heap information), id 0xc0000005, EXCEPTION_ACCESS_VIOLATION (0xc0000005) at pc=0x00007ffc2f6f3259]
GC Heap History (0 events):
No events

Dll operation events (1 events):
Event: 0.031 Loaded shared library C:\Program Files\Java\jdk-21\bin\java.dll

Deoptimization events (0 events):
No events

Classes loaded (0 events):
No events

Classes unloaded (0 events):
No events

Classes redefined (0 events):
No events

Internal exceptions (0 events):
No events

ZGC Phase Switch (0 events):
No events

VM Operations (0 events):
No events

Events (0 events):
No events


Dynamic libraries:
0x00007ff6a9900000 - 0x00007ff6a9910000 	C:\Program Files\Java\jdk-21\bin\java.exe
0x00007ffcb5690000 - 0x00007ffcb5888000 	C:\WINDOWS\SYSTEM32\ntdll.dll
0x00007ffcb3d50000 - 0x00007ffcb3e12000 	C:\WINDOWS\System32\KERNEL32.DLL
0x00007ffcb3160000 - 0x00007ffcb345e000 	C:\WINDOWS\System32\KERNELBASE.dll
0x00007ffcb3060000 - 0x00007ffcb3160000 	C:\WINDOWS\System32\ucrtbase.dll
0x00007ffc9f8a0000 - 0x00007ffc9f8b9000 	C:\Program Files\Java\jdk-21\bin\jli.dll
0x00007ffcaa7e0000 - 0x00007ffcaa7fb000 	C:\Program Files\Java\jdk-21\bin\VCRUNTIME140.dll
0x00007ffcb4b70000 - 0x00007ffcb4c21000 	C:\WINDOWS\System32\ADVAPI32.dll
0x00007ffcb4ac0000 - 0x00007ffcb4b5e000 	C:\WINDOWS\System32\msvcrt.dll
0x00007ffcb3ee0000 - 0x00007ffcb3f7f000 	C:\WINDOWS\System32\sechost.dll
0x00007ffcb4990000 - 0x00007ffcb4ab3000 	C:\WINDOWS\System32\RPCRT4.dll
0x00007ffcb3030000 - 0x00007ffcb3057000 	C:\WINDOWS\System32\bcrypt.dll
0x00007ffcb3820000 - 0x00007ffcb39bd000 	C:\WINDOWS\System32\USER32.dll
0x00007ffcb2fb0000 - 0x00007ffcb2fd2000 	C:\WINDOWS\System32\win32u.dll
0x00007ffcb5250000 - 0x00007ffcb527b000 	C:\WINDOWS\System32\GDI32.dll
0x00007ffcb3460000 - 0x00007ffcb3577000 	C:\WINDOWS\System32\gdi32full.dll
0x00007ffcb3610000 - 0x00007ffcb36ad000 	C:\WINDOWS\System32\msvcp_win.dll
0x00007ffc9e250000 - 0x00007ffc9e4ea000 	C:\WINDOWS\WinSxS\amd64_microsoft.windows.common-controls_6595b64144ccf1df_6.0.19041.4355_none_60b8b9eb71f62e16\COMCTL32.dll
0x00007ffcab950000 - 0x00007ffcab95a000 	C:\WINDOWS\SYSTEM32\VERSION.dll
0x00007ffcb37f0000 - 0x00007ffcb381f000 	C:\WINDOWS\System32\IMM32.DLL
0x00007ffcadac0000 - 0x00007ffcadacc000 	C:\Program Files\Java\jdk-21\bin\vcruntime140_1.dll
0x00007ffc7ad00000 - 0x00007ffc7ad8e000 	C:\Program Files\Java\jdk-21\bin\msvcp140.dll
0x00007ffc2efd0000 - 0x00007ffc2fce8000 	C:\Program Files\Java\jdk-21\bin\server\jvm.dll
0x00007ffcb5280000 - 0x00007ffcb52eb000 	C:\WINDOWS\System32\WS2_32.dll
0x00007ffc9b490000 - 0x00007ffc9b4b7000 	C:\WINDOWS\SYSTEM32\WINMM.dll
0x00007ffcb2280000 - 0x00007ffcb22cb000 	C:\WINDOWS\SYSTEM32\POWRPROF.dll
0x00007ffcb20f0000 - 0x00007ffcb2102000 	C:\WINDOWS\SYSTEM32\UMPDC.dll
0x00007ffcb1510000 - 0x00007ffcb1522000 	C:\WINDOWS\SYSTEM32\kernel.appcore.dll
0x00007ffcac9e0000 - 0x00007ffcac9ea000 	C:\Program Files\Java\jdk-21\bin\jimage.dll
0x00007ffcb09f0000 - 0x00007ffcb0bd4000 	C:\WINDOWS\SYSTEM32\DBGHELP.DLL
0x00007ffc97dc0000 - 0x00007ffc97df4000 	C:\WINDOWS\SYSTEM32\dbgcore.DLL
0x00007ffcb3580000 - 0x00007ffcb3602000 	C:\WINDOWS\System32\bcryptPrimitives.dll
0x00007ffc9e9e0000 - 0x00007ffc9e9ff000 	C:\Program Files\Java\jdk-21\bin\java.dll

dbghelp: loaded successfully - version: 4.0.5 - missing functions: none
symbol engine: initialized successfully - sym options: 0x614 - pdb path: .;C:\Program Files\Java\jdk-21\bin;C:\WINDOWS\SYSTEM32;C:\WINDOWS\WinSxS\amd64_microsoft.windows.common-controls_6595b64144ccf1df_6.0.19041.4355_none_60b8b9eb71f62e16;C:\Program Files\Java\jdk-21\bin\server

VM Arguments:
jvm_args: -Dnet.bytebuddy.agent.attacher.dump= 
java_command: net.bytebuddy.agent.Attacher com.sun.tools.attach.VirtualMachine 15740 C:\Users\hp\.gradle\caches\modules-2\files-2.1\net.bytebuddy\byte-buddy-agent\1.14.19\154da3a65b4f4a909d3e5bdec55d1b2b4cbb6ce1\byte-buddy-agent-1.14.19.jar false 
java_class_path (initial): C:\Users\hp\.gradle\caches\modules-2\files-2.1\net.bytebuddy\byte-buddy-agent\1.14.19\154da3a65b4f4a909d3e5bdec55d1b2b4cbb6ce1\byte-buddy-agent-1.14.19.jar
Launcher Type: SUN_STANDARD

[Global flags]
     intx CICompilerCount                          = 4                                         {product} {ergonomic}
     uint ConcGCThreads                            = 2                                         {product} {ergonomic}
     uint G1ConcRefinementThreads                  = 8                                         {product} {ergonomic}
   size_t G1HeapRegionSize                         = 1048576                                   {product} {ergonomic}
    uintx GCDrainStackTargetSize                   = 64                                        {product} {ergonomic}
   size_t InitialHeapSize                          = 132120576                                 {product} {ergonomic}
   size_t MarkStackSize                            = 4194304                                   {product} {ergonomic}
   size_t MaxHeapSize                              = 2105540608                                {product} {ergonomic}
   size_t MinHeapDeltaBytes                        = 1048576                                   {product} {ergonomic}
   size_t MinHeapSize                              = 8388608                                   {product} {ergonomic}
    uintx NonNMethodCodeHeapSize                   = 5839372                                {pd product} {ergonomic}
    uintx NonProfiledCodeHeapSize                  = 122909434                              {pd product} {ergonomic}
    uintx ProfiledCodeHeapSize                     = 122909434                              {pd product} {ergonomic}
    uintx ReservedCodeCacheSize                    = 251658240                              {pd product} {ergonomic}
     bool SegmentedCodeCache                       = true                                      {product} {ergonomic}
   size_t SoftMaxHeapSize                          = 2105540608                             {manageable} {ergonomic}
     bool UseCompressedOops                        = true                           {product lp64_product} {ergonomic}
     bool UseG1GC                                  = true                                      {product} {ergonomic}
     bool UseLargePagesIndividualAllocation        = false                                  {pd product} {ergonomic}

Logging:
Log output configuration:
 #0: stdout all=warning uptime,level,tags foldmultilines=false
 #1: stderr all=off uptime,level,tags foldmultilines=false

Environment Variables:
JAVA_HOME=C:\Program Files\Java\jdk-21
CLASSPATH=D:\tugas kuliah\Manpro\APU\\gradle\wrapper\gradle-wrapper.jar
PATH=C:\Python312\Scripts\;C:\Python312\;C:\Program Files (x86)\Intel\Intel(R) Management Engine Components\iCLS\;C:\Program Files\Intel\Intel(R) Management Engine Components\iCLS\;C:\windows\system32;C:\windows;C:\windows\System32\Wbem;C:\windows\System32\WindowsPowerShell\v1.0\;C:\windows\System32\OpenSSH\;C:\Program Files (x86)\Intel\Intel(R) Management Engine Components\DAL;C:\Program Files\Intel\Intel(R) Management Engine Components\DAL;C:\Program Files (x86)\NVIDIA Corporation\PhysX\Common;C:\WINDOWS\system32;C:\WINDOWS;C:\WINDOWS\System32\Wbem;C:\WINDOWS\System32\WindowsPowerShell\v1.0\;C:\WINDOWS\System32\OpenSSH\;C:\Program Files (x86)\ZeroTier\One\;C:\xampp\php;C:\gradle-8.10.2\bin;C:\MinGW\bin;C:\Program Files (x86)\Microsoft SQL Server\160\Tools\Binn\;C:\Program Files\Microsoft SQL Server\160\Tools\Binn\;C:\Program Files\Microsoft SQL Server\Client SDK\ODBC\170\Tools\Binn\;C:\Program Files\Microsoft SQL Server\160\DTS\Binn\;C:\Program Files\Azure Data Studio\bin;D:\Git\cmd;C:\Program Files\Java\jdk-21\bin;D:\NodeJs\;C:\ProgramData\chocolatey\bin;C:\Program Files\Cloudflare\Cloudflare WARP\;C:\Users\hp\AppData\Local\Programs\Microsoft VS Code\bin;C:\MinGW\bin;C:\Program Files\Azure Data Studio\bin;C:\Program Files\Java\jdk-21;C:\Users\hp\AppData\Roaming\npm
USERNAME=hp
LANG=en_US.UTF-8
OS=Windows_NT
PROCESSOR_IDENTIFIER=Intel64 Family 6 Model 142 Stepping 10, GenuineIntel
TMP=C:\Users\hp\AppData\Local\Temp
TEMP=C:\Users\hp\AppData\Local\Temp




Periodic native trim disabled

---------------  S Y S T E M  ---------------

OS:
 Windows 10 , 64 bit Build 19041 (10.0.19041.5072)
OS uptime: 0 days 5:58 hours
Hyper-V role detected

CPU: total 8 (initial active 8) (4 cores per cpu, 2 threads per core) family 6 model 142 stepping 10 microcode 0xea, cx8, cmov, fxsr, ht, mmx, 3dnowpref, sse, sse2, sse3, ssse3, sse4.1, sse4.2, popcnt, lzcnt, tsc, tscinvbit, avx, avx2, aes, erms, clmul, bmi1, bmi2, adx, fma, vzeroupper, clflush, clflushopt, hv, rdtscp, f16c
Processor Information for all 8 processors :
  Max Mhz: 1992, Current Mhz: 1494, Mhz Limit: 1792

Memory: 4k page, system-wide physical 8026M (693M free)
TotalPageFile size 15026M (AvailPageFile size 120M)
current process WorkingSet (physical memory assigned to process): 10M, peak: 10M
current process commit charge ("private bytes"): 60M, peak: 186M

vm_info: Java HotSpot(TM) 64-Bit Server VM (21.0.5+9-LTS-239) for windows-amd64 JRE (21.0.5+9-LTS-239), built on 2024-09-30T05:17:38Z by "mach5one" with MS VC++ 17.6 (VS2022)

END.
